<?xml version="1.0" encoding="UTF-8"?>
<coverage generated="1789567463832" clover="3.2.0">
  <project timestamp="1789567463833" name="All files">
    <metrics statements="633" coveredstatements="375" conditionals="321" coveredconditionals="186" methods="279" coveredmethods="86" elements="1233" coveredelements="647" complexity="0" loc="633" ncloc="633" packages="10" files="20" classes="20"/>
    <package name="assets.church">
      <metrics statements="0" coveredstatements="0" conditionals="0" coveredconditionals="0" methods="0" coveredmethods="0"/>
      <file name="logo.jpg" path="/home/admin/Projects/ricgcw_official/src/assets/church/logo.jpg">
        <metrics statements="0" coveredstatements="0" conditionals="0" coveredconditionals="0" methods="0" coveredmethods="0"/>
      </file>
    </package>
    <package name="assets.church.all_church_pastors">
      <metrics statements="0" coveredstatements="0" conditionals="0" coveredconditionals="0" methods="0" coveredmethods="0"/>
      <file name="IMG-20260301-WA0187.jpg" path="/home/admin/Projects/ricgcw_official/src/assets/church/all_church_pastors/IMG-20260301-WA0187.jpg">
        <metrics statements="0" coveredstatements="0" conditionals="0" coveredconditionals="0" methods="0" coveredmethods="0"/>
      </file>
    </package>
    <package name="assets.church.pastor">
      <metrics statements="0" coveredstatements="0" conditionals="0" coveredconditionals="0" methods="0" coveredmethods="0"/>
      <file name="IMG-20260408-WA0061.jpg" path="/home/admin/Projects/ricgcw_official/src/assets/church/pastor/IMG-20260408-WA0061.jpg">
        <metrics statements="0" coveredstatements="0" conditionals="0" coveredconditionals="0" methods="0" coveredmethods="0"/>
      </file>
      <file name="IMG-20260408-WA0062.jpg" path="/home/admin/Projects/ricgcw_official/src/assets/church/pastor/IMG-20260408-WA0062.jpg">
        <metrics statements="0" coveredstatements="0" conditionals="0" coveredconditionals="0" methods="0" coveredmethods="0"/>
      </file>
    </package>
    <package name="assets.church.pastor_and_wife">
      <metrics statements="0" coveredstatements="0" conditionals="0" coveredconditionals="0" methods="0" coveredmethods="0"/>
      <file name="IMG-20260408-WA0060.jpg" path="/home/admin/Projects/ricgcw_official/src/assets/church/pastor_and_wife/IMG-20260408-WA0060.jpg">
        <metrics statements="0" coveredstatements="0" conditionals="0" coveredconditionals="0" methods="0" coveredmethods="0"/>
      </file>
      <file name="IMG-20260408-WA0063.jpg" path="/home/admin/Projects/ricgcw_official/src/assets/church/pastor_and_wife/IMG-20260408-WA0063.jpg">
        <metrics statements="0" coveredstatements="0" conditionals="0" coveredconditionals="0" methods="0" coveredmethods="0"/>
      </file>
    </package>
    <package name="assets.church.this_year_theme">
      <metrics statements="0" coveredstatements="0" conditionals="0" coveredconditionals="0" methods="0" coveredmethods="0"/>
      <file name="IMG-20260408-WA0064.jpg" path="/home/admin/Projects/ricgcw_official/src/assets/church/this_year_theme/IMG-20260408-WA0064.jpg">
        <metrics statements="0" coveredstatements="0" conditionals="0" coveredconditionals="0" methods="0" coveredmethods="0"/>
      </file>
    </package>
    <package name="components">
      <metrics statements="166" coveredstatements="66" conditionals="68" coveredconditionals="28" methods="74" coveredmethods="18"/>
      <file name="BranchModal.tsx" path="/home/admin/Projects/ricgcw_official/src/components/BranchModal.tsx">
        <metrics statements="18" coveredstatements="7" conditionals="14" coveredconditionals="3" methods="10" coveredmethods="3"/>
        <line num="13" count="1" type="stmt"/>
        <line num="14" count="5" type="stmt"/>
        <line num="15" count="5" type="stmt"/>
        <line num="16" count="12" type="cond" truecount="2" falsecount="0"/>
        <line num="18" count="5" type="stmt"/>
        <line num="20" count="5" type="stmt"/>
        <line num="21" count="0" type="stmt"/>
        <line num="22" count="0" type="stmt"/>
        <line num="23" count="0" type="stmt"/>
        <line num="26" count="5" type="cond" truecount="1" falsecount="1"/>
        <line num="28" count="0" type="stmt"/>
        <line num="64" count="0" type="stmt"/>
        <line num="65" count="0" type="stmt"/>
        <line num="69" count="0" type="stmt"/>
        <line num="70" count="0" type="stmt"/>
        <line num="123" count="0" type="stmt"/>
        <line num="130" count="0" type="stmt"/>
        <line num="146" count="0" type="stmt"/>
      </file>
      <file name="Footer.tsx" path="/home/admin/Projects/ricgcw_official/src/components/Footer.tsx">
        <metrics statements="14" coveredstatements="4" conditionals="0" coveredconditionals="0" methods="8" coveredmethods="2"/>
        <line num="14" count="1" type="stmt"/>
        <line num="15" count="5" type="stmt"/>
        <line num="17" count="5" type="stmt"/>
        <line num="37" count="0" type="stmt"/>
        <line num="38" count="0" type="stmt"/>
        <line num="46" count="0" type="stmt"/>
        <line num="47" count="0" type="stmt"/>
        <line num="115" count="15" type="stmt"/>
        <line num="118" count="0" type="stmt"/>
        <line num="119" count="0" type="stmt"/>
        <line num="189" count="0" type="stmt"/>
        <line num="201" count="0" type="stmt"/>
        <line num="218" count="0" type="stmt"/>
        <line num="219" count="0" type="stmt"/>
      </file>
      <file name="GivingModal.tsx" path="/home/admin/Projects/ricgcw_official/src/components/GivingModal.tsx">
        <metrics statements="46" coveredstatements="19" conditionals="27" coveredconditionals="14" methods="16" coveredmethods="4"/>
        <line num="12" count="1" type="stmt"/>
        <line num="13" count="5" type="stmt"/>
        <line num="14" count="5" type="cond" truecount="1" falsecount="1"/>
        <line num="23" count="5" type="stmt"/>
        <line num="24" count="5" type="cond" truecount="1" falsecount="1"/>
        <line num="25" count="5" type="cond" truecount="1" falsecount="1"/>
        <line num="26" count="5" type="stmt"/>
        <line num="27" count="5" type="stmt"/>
        <line num="28" count="5" type="stmt"/>
        <line num="29" count="5" type="stmt"/>
        <line num="30" count="5" type="stmt"/>
        <line num="32" count="5" type="stmt"/>
        <line num="34" count="5" type="stmt"/>
        <line num="35" count="0" type="stmt"/>
        <line num="36" count="0" type="stmt"/>
        <line num="37" count="0" type="stmt"/>
        <line num="40" count="0" type="stmt"/>
        <line num="42" count="0" type="cond" truecount="0" falsecount="5"/>
        <line num="43" count="0" type="stmt"/>
        <line num="44" count="0" type="stmt"/>
        <line num="58" count="0" type="stmt"/>
        <line num="59" count="0" type="stmt"/>
        <line num="60" count="0" type="stmt"/>
        <line num="63" count="0" type="stmt"/>
        <line num="66" count="0" type="stmt"/>
        <line num="67" count="0" type="stmt"/>
        <line num="69" count="0" type="stmt"/>
        <line num="74" count="0" type="stmt"/>
        <line num="75" count="0" type="stmt"/>
        <line num="76" count="0" type="stmt"/>
        <line num="80" count="5" type="stmt"/>
        <line num="81" count="0" type="stmt"/>
        <line num="82" count="0" type="stmt"/>
        <line num="83" count="0" type="stmt"/>
        <line num="86" count="5" type="cond" truecount="2" falsecount="0"/>
        <line num="88" count="1" type="stmt"/>
        <line num="154" count="7" type="stmt"/>
        <line num="157" count="0" type="stmt"/>
        <line num="176" count="4" type="stmt"/>
        <line num="179" count="0" type="stmt"/>
        <line num="193" count="6" type="stmt"/>
        <line num="196" count="0" type="stmt"/>
        <line num="218" count="0" type="stmt"/>
        <line num="233" count="0" type="stmt"/>
        <line num="245" count="0" type="stmt"/>
        <line num="257" count="0" type="stmt"/>
      </file>
      <file name="Icons.tsx" path="/home/admin/Projects/ricgcw_official/src/components/Icons.tsx">
        <metrics statements="6" coveredstatements="6" conditionals="3" coveredconditionals="3" methods="3" coveredmethods="3"/>
        <line num="3" count="1" type="cond" truecount="1" falsecount="0"/>
        <line num="4" count="5" type="stmt"/>
        <line num="9" count="1" type="cond" truecount="1" falsecount="0"/>
        <line num="10" count="5" type="stmt"/>
        <line num="15" count="1" type="cond" truecount="1" falsecount="0"/>
        <line num="16" count="5" type="stmt"/>
      </file>
      <file name="MobileQuickBar.tsx" path="/home/admin/Projects/ricgcw_official/src/components/MobileQuickBar.tsx">
        <metrics statements="16" coveredstatements="7" conditionals="0" coveredconditionals="0" methods="5" coveredmethods="1"/>
        <line num="11" count="1" type="stmt"/>
        <line num="15" count="5" type="stmt"/>
        <line num="17" count="5" type="stmt"/>
        <line num="18" count="0" type="stmt"/>
        <line num="19" count="0" type="stmt"/>
        <line num="22" count="5" type="stmt"/>
        <line num="23" count="0" type="stmt"/>
        <line num="24" count="0" type="stmt"/>
        <line num="25" count="0" type="stmt"/>
        <line num="28" count="5" type="stmt"/>
        <line num="29" count="0" type="stmt"/>
        <line num="30" count="0" type="stmt"/>
        <line num="33" count="5" type="stmt"/>
        <line num="34" count="0" type="stmt"/>
        <line num="35" count="0" type="stmt"/>
        <line num="38" count="5" type="stmt"/>
      </file>
      <file name="Navbar.tsx" path="/home/admin/Projects/ricgcw_official/src/components/Navbar.tsx">
        <metrics statements="42" coveredstatements="15" conditionals="18" coveredconditionals="7" methods="20" coveredmethods="4"/>
        <line num="15" count="1" type="stmt"/>
        <line num="16" count="5" type="stmt"/>
        <line num="17" count="5" type="stmt"/>
        <line num="18" count="5" type="stmt"/>
        <line num="19" count="5" type="stmt"/>
        <line num="20" count="5" type="stmt"/>
        <line num="21" count="5" type="stmt"/>
        <line num="23" count="5" type="stmt"/>
        <line num="24" count="4" type="stmt"/>
        <line num="25" count="4" type="stmt"/>
        <line num="26" count="4" type="stmt"/>
        <line num="29" count="5" type="stmt"/>
        <line num="30" count="0" type="stmt"/>
        <line num="31" count="0" type="cond" truecount="0" falsecount="2"/>
        <line num="32" count="0" type="stmt"/>
        <line num="33" count="0" type="stmt"/>
        <line num="34" count="0" type="stmt"/>
        <line num="35" count="0" type="cond" truecount="0" falsecount="2"/>
        <line num="38" count="0" type="stmt"/>
        <line num="39" count="0" type="cond" truecount="0" falsecount="2"/>
        <line num="43" count="5" type="stmt"/>
        <line num="54" count="5" type="stmt"/>
        <line num="71" count="0" type="stmt"/>
        <line num="79" count="0" type="stmt"/>
        <line num="80" count="0" type="stmt"/>
        <line num="123" count="40" type="cond" truecount="2" falsecount="0"/>
        <line num="134" count="0" type="stmt"/>
        <line num="149" count="0" type="stmt"/>
        <line num="158" count="0" type="stmt"/>
        <line num="159" count="0" type="stmt"/>
        <line num="169" count="0" type="stmt"/>
        <line num="170" count="0" type="stmt"/>
        <line num="183" count="0" type="stmt"/>
        <line num="184" count="0" type="stmt"/>
        <line num="191" count="0" type="stmt"/>
        <line num="205" count="0" type="cond" truecount="0" falsecount="2"/>
        <line num="209" count="0" type="stmt"/>
        <line num="217" count="0" type="stmt"/>
        <line num="229" count="0" type="stmt"/>
        <line num="230" count="0" type="stmt"/>
        <line num="238" count="0" type="stmt"/>
        <line num="239" count="0" type="stmt"/>
      </file>
      <file name="PrayerModal.tsx" path="/home/admin/Projects/ricgcw_official/src/components/PrayerModal.tsx">
        <metrics statements="24" coveredstatements="8" conditionals="6" coveredconditionals="1" methods="12" coveredmethods="1"/>
        <line num="11" count="1" type="stmt"/>
        <line num="12" count="5" type="stmt"/>
        <line num="13" count="5" type="stmt"/>
        <line num="14" count="5" type="stmt"/>
        <line num="23" count="5" type="stmt"/>
        <line num="32" count="5" type="stmt"/>
        <line num="33" count="0" type="stmt"/>
        <line num="34" count="0" type="stmt"/>
        <line num="43" count="0" type="stmt"/>
        <line num="49" count="0" type="stmt"/>
        <line num="52" count="5" type="stmt"/>
        <line num="53" count="0" type="stmt"/>
        <line num="54" count="0" type="stmt"/>
        <line num="62" count="0" type="stmt"/>
        <line num="65" count="5" type="cond" truecount="1" falsecount="1"/>
        <line num="67" count="0" type="stmt"/>
        <line num="122" count="0" type="stmt"/>
        <line num="148" count="0" type="stmt"/>
        <line num="162" count="0" type="stmt"/>
        <line num="176" count="0" type="stmt"/>
        <line num="188" count="0" type="stmt"/>
        <line num="191" count="0" type="stmt"/>
        <line num="212" count="0" type="stmt"/>
        <line num="223" count="0" type="stmt"/>
      </file>
    </package>
    <package name="context">
      <metrics statements="152" coveredstatements="125" conditionals="52" coveredconditionals="33" methods="73" coveredmethods="29"/>
      <file name="ChurchContext.tsx" path="/home/admin/Projects/ricgcw_official/src/context/ChurchContext.tsx">
        <metrics statements="152" coveredstatements="125" conditionals="52" coveredconditionals="33" methods="73" coveredmethods="29"/>
        <line num="110" count="3" type="stmt"/>
        <line num="111" count="3" type="stmt"/>
        <line num="112" count="3" type="stmt"/>
        <line num="113" count="3" type="stmt"/>
        <line num="115" count="3" type="stmt"/>
        <line num="126" count="3" type="stmt"/>
        <line num="152" count="3" type="stmt"/>
        <line num="154" count="3" type="stmt"/>
        <line num="156" count="22" type="stmt"/>
        <line num="157" count="15" type="stmt"/>
        <line num="158" count="15" type="stmt"/>
        <line num="159" count="15" type="cond" truecount="2" falsecount="0"/>
        <line num="160" count="1" type="stmt"/>
        <line num="161" count="1" type="cond" truecount="1" falsecount="1"/>
        <line num="164" count="14" type="stmt"/>
        <line num="167" count="22" type="stmt"/>
        <line num="168" count="15" type="stmt"/>
        <line num="169" count="15" type="stmt"/>
        <line num="170" count="15" type="cond" truecount="2" falsecount="0"/>
        <line num="171" count="1" type="stmt"/>
        <line num="172" count="1" type="cond" truecount="1" falsecount="1"/>
        <line num="175" count="14" type="stmt"/>
        <line num="178" count="22" type="stmt"/>
        <line num="179" count="15" type="stmt"/>
        <line num="180" count="15" type="stmt"/>
        <line num="181" count="15" type="cond" truecount="2" falsecount="0"/>
        <line num="182" count="1" type="stmt"/>
        <line num="183" count="1" type="cond" truecount="1" falsecount="1"/>
        <line num="186" count="14" type="stmt"/>
        <line num="189" count="22" type="stmt"/>
        <line num="190" count="15" type="stmt"/>
        <line num="191" count="15" type="stmt"/>
        <line num="192" count="15" type="cond" truecount="2" falsecount="0"/>
        <line num="193" count="1" type="stmt"/>
        <line num="194" count="1" type="cond" truecount="1" falsecount="1"/>
        <line num="197" count="14" type="stmt"/>
        <line num="200" count="22" type="stmt"/>
        <line num="201" count="15" type="stmt"/>
        <line num="202" count="15" type="stmt"/>
        <line num="203" count="15" type="cond" truecount="2" falsecount="0"/>
        <line num="204" count="1" type="stmt"/>
        <line num="205" count="1" type="cond" truecount="1" falsecount="1"/>
        <line num="208" count="14" type="stmt"/>
        <line num="211" count="22" type="stmt"/>
        <line num="212" count="15" type="stmt"/>
        <line num="213" count="15" type="stmt"/>
        <line num="214" count="15" type="cond" truecount="2" falsecount="0"/>
        <line num="215" count="1" type="stmt"/>
        <line num="216" count="1" type="cond" truecount="1" falsecount="1"/>
        <line num="219" count="14" type="stmt"/>
        <line num="222" count="22" type="stmt"/>
        <line num="223" count="15" type="stmt"/>
        <line num="224" count="15" type="stmt"/>
        <line num="225" count="15" type="cond" truecount="2" falsecount="0"/>
        <line num="226" count="1" type="stmt"/>
        <line num="227" count="1" type="cond" truecount="1" falsecount="1"/>
        <line num="230" count="14" type="stmt"/>
        <line num="233" count="22" type="stmt"/>
        <line num="234" count="15" type="stmt"/>
        <line num="235" count="15" type="stmt"/>
        <line num="236" count="15" type="cond" truecount="2" falsecount="0"/>
        <line num="237" count="1" type="stmt"/>
        <line num="238" count="1" type="cond" truecount="1" falsecount="1"/>
        <line num="241" count="14" type="stmt"/>
        <line num="244" count="22" type="stmt"/>
        <line num="245" count="22" type="stmt"/>
        <line num="247" count="22" type="stmt"/>
        <line num="248" count="15" type="stmt"/>
        <line num="249" count="15" type="stmt"/>
        <line num="250" count="15" type="cond" truecount="2" falsecount="0"/>
        <line num="252" count="14" type="stmt"/>
        <line num="255" count="22" type="stmt"/>
        <line num="256" count="15" type="stmt"/>
        <line num="257" count="15" type="stmt"/>
        <line num="258" count="15" type="cond" truecount="2" falsecount="0"/>
        <line num="260" count="14" type="stmt"/>
        <line num="264" count="22" type="stmt"/>
        <line num="265" count="20" type="stmt"/>
        <line num="266" count="20" type="stmt"/>
        <line num="273" count="22" type="stmt"/>
        <line num="274" count="15" type="stmt"/>
        <line num="275" count="15" type="stmt"/>
        <line num="279" count="22" type="stmt"/>
        <line num="280" count="15" type="stmt"/>
        <line num="281" count="15" type="stmt"/>
        <line num="285" count="22" type="stmt"/>
        <line num="286" count="17" type="stmt"/>
        <line num="287" count="17" type="stmt"/>
        <line num="294" count="22" type="stmt"/>
        <line num="295" count="0" type="stmt"/>
        <line num="303" count="22" type="stmt"/>
        <line num="304" count="0" type="stmt"/>
        <line num="310" count="22" type="stmt"/>
        <line num="311" count="0" type="stmt"/>
        <line num="315" count="22" type="stmt"/>
        <line num="316" count="22" type="stmt"/>
        <line num="317" count="0" type="stmt"/>
        <line num="318" count="0" type="cond" truecount="0" falsecount="2"/>
        <line num="321" count="22" type="stmt"/>
        <line num="322" count="22" type="stmt"/>
        <line num="325" count="22" type="stmt"/>
        <line num="326" count="22" type="stmt"/>
        <line num="327" count="22" type="stmt"/>
        <line num="330" count="22" type="stmt"/>
        <line num="331" count="22" type="stmt"/>
        <line num="332" count="22" type="stmt"/>
        <line num="335" count="22" type="stmt"/>
        <line num="336" count="22" type="stmt"/>
        <line num="337" count="1" type="stmt"/>
        <line num="338" count="4" type="cond" truecount="2" falsecount="0"/>
        <line num="341" count="22" type="stmt"/>
        <line num="342" count="22" type="stmt"/>
        <line num="344" count="22" type="stmt"/>
        <line num="345" count="22" type="stmt"/>
        <line num="346" count="1" type="stmt"/>
        <line num="347" count="4" type="cond" truecount="2" falsecount="0"/>
        <line num="351" count="22" type="stmt"/>
        <line num="352" count="1" type="stmt"/>
        <line num="356" count="22" type="stmt"/>
        <line num="357" count="22" type="stmt"/>
        <line num="358" count="22" type="stmt"/>
        <line num="361" count="22" type="stmt"/>
        <line num="362" count="0" type="stmt"/>
        <line num="368" count="0" type="stmt"/>
        <line num="369" count="0" type="stmt"/>
        <line num="372" count="22" type="stmt"/>
        <line num="373" count="0" type="stmt"/>
        <line num="374" count="0" type="stmt"/>
        <line num="375" count="0" type="cond" truecount="0" falsecount="4"/>
        <line num="380" count="22" type="stmt"/>
        <line num="381" count="0" type="stmt"/>
        <line num="384" count="22" type="stmt"/>
        <line num="385" count="0" type="stmt"/>
        <line num="386" count="0" type="stmt"/>
        <line num="387" count="0" type="stmt"/>
        <line num="388" count="0" type="stmt"/>
        <line num="389" count="0" type="stmt"/>
        <line num="390" count="0" type="stmt"/>
        <line num="391" count="0" type="stmt"/>
        <line num="392" count="0" type="stmt"/>
        <line num="393" count="0" type="stmt"/>
        <line num="394" count="0" type="stmt"/>
        <line num="395" count="0" type="stmt"/>
        <line num="396" count="0" type="stmt"/>
        <line num="397" count="0" type="stmt"/>
        <line num="398" count="0" type="stmt"/>
        <line num="401" count="22" type="stmt"/>
        <line num="450" count="3" type="stmt"/>
        <line num="451" count="65" type="stmt"/>
        <line num="452" count="65" type="cond" truecount="1" falsecount="1"/>
        <line num="453" count="0" type="stmt"/>
        <line num="455" count="65" type="stmt"/>
      </file>
    </package>
    <package name="data">
      <metrics statements="11" coveredstatements="11" conditionals="0" coveredconditionals="0" methods="0" coveredmethods="0"/>
      <file name="churchData.ts" path="/home/admin/Projects/ricgcw_official/src/data/churchData.ts">
        <metrics statements="11" coveredstatements="11" conditionals="0" coveredconditionals="0" methods="0" coveredmethods="0"/>
        <line num="109" count="3" type="stmt"/>
        <line num="151" count="3" type="stmt"/>
        <line num="251" count="3" type="stmt"/>
        <line num="275" count="3" type="stmt"/>
        <line num="308" count="3" type="stmt"/>
        <line num="359" count="3" type="stmt"/>
        <line num="399" count="3" type="stmt"/>
        <line num="442" count="3" type="stmt"/>
        <line num="473" count="3" type="stmt"/>
        <line num="483" count="3" type="stmt"/>
        <line num="506" count="3" type="stmt"/>
      </file>
    </package>
    <package name="pages">
      <metrics statements="207" coveredstatements="79" conditionals="121" coveredconditionals="52" methods="117" coveredmethods="25"/>
      <file name="AdminDashboard.tsx" path="/home/admin/Projects/ricgcw_official/src/pages/AdminDashboard.tsx">
        <metrics statements="176" coveredstatements="60" conditionals="94" coveredconditionals="37" methods="99" coveredmethods="19"/>
        <line num="43" count="1" type="stmt"/>
        <line num="44" count="16" type="stmt"/>
        <line num="77" count="16" type="stmt"/>
        <line num="80" count="16" type="stmt"/>
        <line num="81" count="16" type="stmt"/>
        <line num="82" count="16" type="stmt"/>
        <line num="85" count="16" type="stmt"/>
        <line num="100" count="16" type="stmt"/>
        <line num="108" count="16" type="stmt"/>
        <line num="119" count="16" type="stmt"/>
        <line num="130" count="16" type="stmt"/>
        <line num="136" count="16" type="stmt"/>
        <line num="147" count="16" type="stmt"/>
        <line num="150" count="16" type="stmt"/>
        <line num="160" count="16" type="stmt"/>
        <line num="161" count="3" type="cond" truecount="1" falsecount="1"/>
        <line num="162" count="3" type="stmt"/>
        <line num="175" count="16" type="stmt"/>
        <line num="176" count="3" type="cond" truecount="2" falsecount="0"/>
        <line num="180" count="16" type="stmt"/>
        <line num="181" count="3" type="stmt"/>
        <line num="182" count="3" type="stmt"/>
        <line num="183" count="3" type="stmt"/>
        <line num="184" count="3" type="stmt"/>
        <line num="187" count="16" type="stmt"/>
        <line num="188" count="0" type="stmt"/>
        <line num="189" count="0" type="stmt"/>
        <line num="190" count="0" type="stmt"/>
        <line num="193" count="16" type="stmt"/>
        <line num="194" count="0" type="stmt"/>
        <line num="195" count="0" type="stmt"/>
        <line num="212" count="0" type="stmt"/>
        <line num="213" count="0" type="stmt"/>
        <line num="216" count="16" type="stmt"/>
        <line num="217" count="0" type="stmt"/>
        <line num="218" count="0" type="stmt"/>
        <line num="224" count="0" type="stmt"/>
        <line num="225" count="0" type="stmt"/>
        <line num="228" count="16" type="stmt"/>
        <line num="229" count="0" type="stmt"/>
        <line num="230" count="0" type="stmt"/>
        <line num="239" count="0" type="stmt"/>
        <line num="240" count="0" type="stmt"/>
        <line num="243" count="16" type="stmt"/>
        <line num="244" count="0" type="stmt"/>
        <line num="245" count="0" type="cond" truecount="0" falsecount="4"/>
        <line num="246" count="0" type="stmt"/>
        <line num="256" count="0" type="stmt"/>
        <line num="265" count="0" type="stmt"/>
        <line num="266" count="0" type="stmt"/>
        <line num="269" count="16" type="stmt"/>
        <line num="270" count="0" type="stmt"/>
        <line num="271" count="0" type="cond" truecount="0" falsecount="4"/>
        <line num="272" count="0" type="stmt"/>
        <line num="277" count="0" type="stmt"/>
        <line num="278" count="0" type="stmt"/>
        <line num="279" count="0" type="stmt"/>
        <line num="282" count="16" type="stmt"/>
        <line num="283" count="1" type="stmt"/>
        <line num="284" count="1" type="cond" truecount="1" falsecount="1"/>
        <line num="285" count="1" type="stmt"/>
        <line num="286" count="1" type="stmt"/>
        <line num="287" count="1" type="stmt"/>
        <line num="296" count="1" type="stmt"/>
        <line num="297" count="1" type="stmt"/>
        <line num="300" count="16" type="stmt"/>
        <line num="301" count="0" type="stmt"/>
        <line num="302" count="0" type="cond" truecount="0" falsecount="4"/>
        <line num="303" count="0" type="stmt"/>
        <line num="304" count="0" type="stmt"/>
        <line num="308" count="0" type="stmt"/>
        <line num="309" count="0" type="stmt"/>
        <line num="310" count="0" type="stmt"/>
        <line num="313" count="16" type="stmt"/>
        <line num="314" count="0" type="stmt"/>
        <line num="315" count="0" type="stmt"/>
        <line num="316" count="0" type="stmt"/>
        <line num="317" count="0" type="stmt"/>
        <line num="320" count="16" type="stmt"/>
        <line num="321" count="0" type="stmt"/>
        <line num="322" count="0" type="stmt"/>
        <line num="323" count="0" type="stmt"/>
        <line num="326" count="16" type="stmt"/>
        <line num="327" count="0" type="stmt"/>
        <line num="328" count="0" type="stmt"/>
        <line num="329" count="0" type="stmt"/>
        <line num="332" count="16" type="stmt"/>
        <line num="333" count="0" type="stmt"/>
        <line num="343" count="0" type="stmt"/>
        <line num="344" count="0" type="stmt"/>
        <line num="345" count="0" type="stmt"/>
        <line num="346" count="0" type="stmt"/>
        <line num="347" count="0" type="stmt"/>
        <line num="348" count="0" type="stmt"/>
        <line num="351" count="16" type="stmt"/>
        <line num="352" count="0" type="stmt"/>
        <line num="353" count="0" type="stmt"/>
        <line num="356" count="0" type="stmt"/>
        <line num="357" count="0" type="stmt"/>
        <line num="360" count="16" type="stmt"/>
        <line num="428" count="32" type="stmt"/>
        <line num="432" count="144" type="stmt"/>
        <line num="433" count="144" type="stmt"/>
        <line num="434" count="144" type="stmt"/>
        <line num="437" count="3" type="stmt"/>
        <line num="545" count="42" type="stmt"/>
        <line num="546" count="42" type="stmt"/>
        <line num="630" count="0" type="stmt"/>
        <line num="640" count="0" type="stmt"/>
        <line num="650" count="0" type="stmt"/>
        <line num="660" count="0" type="stmt"/>
        <line num="670" count="0" type="stmt"/>
        <line num="692" count="0" type="stmt"/>
        <line num="704" count="0" type="stmt"/>
        <line num="716" count="0" type="stmt"/>
        <line num="726" count="0" type="stmt"/>
        <line num="736" count="0" type="stmt"/>
        <line num="746" count="0" type="stmt"/>
        <line num="790" count="0" type="stmt"/>
        <line num="806" count="0" type="stmt"/>
        <line num="819" count="0" type="stmt"/>
        <line num="859" count="0" type="stmt"/>
        <line num="876" count="0" type="stmt"/>
        <line num="897" count="0" type="stmt"/>
        <line num="905" count="0" type="stmt"/>
        <line num="912" count="0" type="stmt"/>
        <line num="919" count="0" type="stmt"/>
        <line num="926" count="0" type="stmt"/>
        <line num="934" count="0" type="stmt"/>
        <line num="945" count="0" type="stmt"/>
        <line num="989" count="0" type="stmt"/>
        <line num="1003" count="0" type="stmt"/>
        <line num="1014" count="0" type="stmt"/>
        <line num="1025" count="0" type="stmt"/>
        <line num="1036" count="0" type="stmt"/>
        <line num="1047" count="0" type="stmt"/>
        <line num="1068" count="0" type="stmt"/>
        <line num="1076" count="0" type="stmt"/>
        <line num="1094" count="41" type="stmt"/>
        <line num="1128" count="1" type="stmt"/>
        <line num="1135" count="0" type="stmt"/>
        <line num="1136" count="0" type="stmt"/>
        <line num="1137" count="0" type="stmt"/>
        <line num="1160" count="1" type="stmt"/>
        <line num="1168" count="1" type="stmt"/>
        <line num="1176" count="1" type="stmt"/>
        <line num="1183" count="1" type="stmt"/>
        <line num="1190" count="0" type="stmt"/>
        <line num="1206" count="1" type="stmt"/>
        <line num="1230" count="40" type="stmt"/>
        <line num="1236" count="0" type="stmt"/>
        <line num="1245" count="0" type="stmt"/>
        <line num="1275" count="0" type="stmt"/>
        <line num="1285" count="0" type="stmt"/>
        <line num="1295" count="0" type="stmt"/>
        <line num="1305" count="0" type="stmt"/>
        <line num="1315" count="0" type="stmt"/>
        <line num="1325" count="0" type="stmt"/>
        <line num="1349" count="0" type="stmt"/>
        <line num="1356" count="0" type="stmt"/>
        <line num="1376" count="0" type="stmt"/>
        <line num="1385" count="0" type="stmt"/>
        <line num="1429" count="0" type="stmt"/>
        <line num="1495" count="0" type="stmt"/>
        <line num="1503" count="0" type="stmt"/>
        <line num="1510" count="0" type="stmt"/>
        <line num="1551" count="0" type="stmt"/>
        <line num="1566" count="0" type="stmt"/>
        <line num="1576" count="0" type="stmt"/>
        <line num="1594" count="0" type="stmt"/>
        <line num="1604" count="0" type="stmt"/>
        <line num="1646" count="0" type="stmt"/>
        <line num="1665" count="0" type="cond" truecount="0" falsecount="2"/>
        <line num="1666" count="0" type="stmt"/>
        <line num="1667" count="0" type="stmt"/>
        <line num="1668" count="0" type="stmt"/>
      </file>
      <file name="Sponsorship.tsx" path="/home/admin/Projects/ricgcw_official/src/pages/Sponsorship.tsx">
        <metrics statements="31" coveredstatements="19" conditionals="27" coveredconditionals="15" methods="18" coveredmethods="6"/>
        <line num="12" count="1" type="stmt"/>
        <line num="22" count="1" type="stmt"/>
        <line num="23" count="5" type="stmt"/>
        <line num="24" count="5" type="stmt"/>
        <line num="25" count="5" type="stmt"/>
        <line num="26" count="5" type="stmt"/>
        <line num="27" count="5" type="stmt"/>
        <line num="29" count="5" type="stmt"/>
        <line num="30" count="4" type="stmt"/>
        <line num="33" count="5" type="stmt"/>
        <line num="34" count="1" type="stmt"/>
        <line num="35" count="1" type="stmt"/>
        <line num="36" count="1" type="stmt"/>
        <line num="39" count="5" type="stmt"/>
        <line num="42" count="0" type="stmt"/>
        <line num="43" count="0" type="stmt"/>
        <line num="44" count="0" type="stmt"/>
        <line num="67" count="20" type="cond" truecount="2" falsecount="1"/>
        <line num="68" count="20" type="cond" truecount="1" falsecount="1"/>
        <line num="69" count="20" type="stmt"/>
        <line num="100" count="0" type="stmt"/>
        <line num="128" count="20" type="stmt"/>
        <line num="161" count="1" type="stmt"/>
        <line num="178" count="0" type="stmt"/>
        <line num="179" count="0" type="stmt"/>
        <line num="180" count="0" type="stmt"/>
        <line num="184" count="0" type="stmt"/>
        <line num="185" count="0" type="stmt"/>
        <line num="190" count="0" type="stmt"/>
        <line num="194" count="0" type="stmt"/>
        <line num="199" count="0" type="stmt"/>
      </file>
    </package>
    <package name="utils">
      <metrics statements="97" coveredstatements="94" conditionals="80" coveredconditionals="73" methods="15" coveredmethods="14"/>
      <file name="analytics.ts" path="/home/admin/Projects/ricgcw_official/src/utils/analytics.ts">
        <metrics statements="65" coveredstatements="62" conditionals="35" coveredconditionals="30" methods="10" coveredmethods="9"/>
        <line num="25" count="3" type="stmt"/>
        <line num="26" count="3" type="stmt"/>
        <line num="28" count="3" type="stmt"/>
        <line num="29" count="9" type="cond" truecount="1" falsecount="1"/>
        <line num="30" count="9" type="stmt"/>
        <line num="31" count="9" type="cond" truecount="1" falsecount="1"/>
        <line num="32" count="9" type="cond" truecount="1" falsecount="1"/>
        <line num="33" count="9" type="stmt"/>
        <line num="36" count="3" type="stmt"/>
        <line num="37" count="28" type="stmt"/>
        <line num="38" count="28" type="stmt"/>
        <line num="39" count="28" type="cond" truecount="2" falsecount="0"/>
        <line num="40" count="21" type="stmt"/>
        <line num="42" count="0" type="stmt"/>
        <line num="46" count="3" type="stmt"/>
        <line num="47" count="12" type="stmt"/>
        <line num="49" count="12" type="stmt"/>
        <line num="50" count="12" type="stmt"/>
        <line num="57" count="3" type="stmt"/>
        <line num="58" count="19" type="stmt"/>
        <line num="59" count="19" type="cond" truecount="2" falsecount="0"/>
        <line num="61" count="3" type="stmt"/>
        <line num="72" count="3" type="stmt"/>
        <line num="73" count="3" type="stmt"/>
        <line num="76" count="3" type="stmt"/>
        <line num="77" count="9" type="stmt"/>
        <line num="78" count="9" type="stmt"/>
        <line num="79" count="9" type="stmt"/>
        <line num="87" count="9" type="stmt"/>
        <line num="88" count="9" type="stmt"/>
        <line num="90" count="0" type="stmt"/>
        <line num="94" count="3" type="cond" truecount="1" falsecount="0"/>
        <line num="96" count="4" type="cond" truecount="1" falsecount="1"/>
        <line num="97" count="4" type="stmt"/>
        <line num="98" count="4" type="stmt"/>
        <line num="100" count="4" type="stmt"/>
        <line num="103" count="3" type="stmt"/>
        <line num="104" count="19" type="stmt"/>
        <line num="106" count="19" type="stmt"/>
        <line num="107" count="19" type="stmt"/>
        <line num="108" count="19" type="stmt"/>
        <line num="109" count="19" type="stmt"/>
        <line num="110" count="19" type="stmt"/>
        <line num="111" count="19" type="stmt"/>
        <line num="112" count="19" type="stmt"/>
        <line num="113" count="19" type="stmt"/>
        <line num="115" count="19" type="stmt"/>
        <line num="116" count="152" type="cond" truecount="1" falsecount="1"/>
        <line num="117" count="152" type="cond" truecount="2" falsecount="0"/>
        <line num="120" count="152" type="cond" truecount="2" falsecount="0"/>
        <line num="121" count="152" type="cond" truecount="4" falsecount="0"/>
        <line num="122" count="152" type="cond" truecount="4" falsecount="0"/>
        <line num="123" count="152" type="cond" truecount="2" falsecount="0"/>
        <line num="124" count="152" type="cond" truecount="2" falsecount="0"/>
        <line num="125" count="152" type="cond" truecount="2" falsecount="0"/>
        <line num="126" count="152" type="cond" truecount="2" falsecount="0"/>
        <line num="130" count="19" type="stmt"/>
        <line num="131" count="19" type="stmt"/>
        <line num="132" count="133" type="stmt"/>
        <line num="133" count="133" type="stmt"/>
        <line num="134" count="133" type="stmt"/>
        <line num="137" count="133" type="stmt"/>
        <line num="143" count="19" type="stmt"/>
        <line num="162" count="3" type="stmt"/>
        <line num="163" count="0" type="stmt"/>
      </file>
      <file name="sponsorshipUtils.ts" path="/home/admin/Projects/ricgcw_official/src/utils/sponsorshipUtils.ts">
        <metrics statements="32" coveredstatements="32" conditionals="45" coveredconditionals="43" methods="5" coveredmethods="5"/>
        <line num="7" count="60" type="cond" truecount="2" falsecount="0"/>
        <line num="8" count="22" type="cond" truecount="4" falsecount="0"/>
        <line num="10" count="38" type="cond" truecount="4" falsecount="0"/>
        <line num="11" count="1" type="stmt"/>
        <line num="14" count="37" type="stmt"/>
        <line num="15" count="37" type="stmt"/>
        <line num="16" count="37" type="cond" truecount="4" falsecount="0"/>
        <line num="23" count="23" type="stmt"/>
        <line num="24" count="23" type="stmt"/>
        <line num="26" count="23" type="cond" truecount="2" falsecount="0"/>
        <line num="27" count="20" type="stmt"/>
        <line num="28" count="20" type="stmt"/>
        <line num="35" count="9" type="cond" truecount="2" falsecount="0"/>
        <line num="36" count="6" type="stmt"/>
        <line num="37" count="6" type="cond" truecount="4" falsecount="0"/>
        <line num="38" count="5" type="stmt"/>
        <line num="41" count="4" type="stmt"/>
        <line num="42" count="4" type="stmt"/>
        <line num="49" count="3" type="stmt"/>
        <line num="51" count="3" type="cond" truecount="4" falsecount="0"/>
        <line num="52" count="1" type="stmt"/>
        <line num="54" count="3" type="cond" truecount="4" falsecount="0"/>
        <line num="55" count="1" type="stmt"/>
        <line num="57" count="3" type="cond" truecount="4" falsecount="0"/>
        <line num="58" count="2" type="stmt"/>
        <line num="60" count="3" type="cond" truecount="4" falsecount="0"/>
        <line num="61" count="1" type="stmt"/>
        <line num="64" count="3" type="stmt"/>
        <line num="74" count="2" type="stmt"/>
        <line num="75" count="2" type="cond" truecount="1" falsecount="1"/>
        <line num="76" count="2" type="stmt"/>
        <line num="78" count="2" type="stmt"/>
      </file>
    </package>
  </project>
</coverage>
