{"/home/admin/Projects/ricgcw_official/src/assets/church/logo.jpg": {"path":"/home/admin/Projects/ricgcw_official/src/assets/church/logo.jpg","statementMap":{},"fnMap":{},"branchMap":{},"s":{},"f":{},"b":{},"meta":{"lastBranch":0,"lastFunction":0,"lastStatement":0,"seen":{},"fnNames":{}}}
,"/home/admin/Projects/ricgcw_official/src/assets/church/all_church_pastors/IMG-20260301-WA0187.jpg": {"path":"/home/admin/Projects/ricgcw_official/src/assets/church/all_church_pastors/IMG-20260301-WA0187.jpg","statementMap":{},"fnMap":{},"branchMap":{},"s":{},"f":{},"b":{},"meta":{"lastBranch":0,"lastFunction":0,"lastStatement":0,"seen":{},"fnNames":{}}}
,"/home/admin/Projects/ricgcw_official/src/assets/church/pastor/IMG-20260408-WA0061.jpg": {"path":"/home/admin/Projects/ricgcw_official/src/assets/church/pastor/IMG-20260408-WA0061.jpg","statementMap":{},"fnMap":{},"branchMap":{},"s":{},"f":{},"b":{},"meta":{"lastBranch":0,"lastFunction":0,"lastStatement":0,"seen":{},"fnNames":{}}}
,"/home/admin/Projects/ricgcw_official/src/assets/church/pastor/IMG-20260408-WA0062.jpg": {"path":"/home/admin/Projects/ricgcw_official/src/assets/church/pastor/IMG-20260408-WA0062.jpg","statementMap":{},"fnMap":{},"branchMap":{},"s":{},"f":{},"b":{},"meta":{"lastBranch":0,"lastFunction":0,"lastStatement":0,"seen":{},"fnNames":{}}}
,"/home/admin/Projects/ricgcw_official/src/assets/church/pastor_and_wife/IMG-20260408-WA0060.jpg": {"path":"/home/admin/Projects/ricgcw_official/src/assets/church/pastor_and_wife/IMG-20260408-WA0060.jpg","statementMap":{},"fnMap":{},"branchMap":{},"s":{},"f":{},"b":{},"meta":{"lastBranch":0,"lastFunction":0,"lastStatement":0,"seen":{},"fnNames":{}}}
,"/home/admin/Projects/ricgcw_official/src/assets/church/pastor_and_wife/IMG-20260408-WA0063.jpg": {"path":"/home/admin/Projects/ricgcw_official/src/assets/church/pastor_and_wife/IMG-20260408-WA0063.jpg","statementMap":{},"fnMap":{},"branchMap":{},"s":{},"f":{},"b":{},"meta":{"lastBranch":0,"lastFunction":0,"lastStatement":0,"seen":{},"fnNames":{}}}
,"/home/admin/Projects/ricgcw_official/src/assets/church/this_year_theme/IMG-20260408-WA0064.jpg": {"path":"/home/admin/Projects/ricgcw_official/src/assets/church/this_year_theme/IMG-20260408-WA0064.jpg","statementMap":{},"fnMap":{},"branchMap":{},"s":{},"f":{},"b":{},"meta":{"lastBranch":0,"lastFunction":0,"lastStatement":0,"seen":{},"fnNames":{}}}
,"/home/admin/Projects/ricgcw_official/src/components/BranchModal.tsx": {"path":"/home/admin/Projects/ricgcw_official/src/components/BranchModal.tsx","statementMap":{"0":{"start":{"line":13,"column":13},"end":{"line":164,"column":null}},"1":{"start":{"line":14,"column":10},"end":{"line":14,"column":34}},"2":{"start":{"line":15,"column":25},"end":{"line":17,"column":null}},"3":{"start":{"line":16,"column":4},"end":{"line":16,"column":null}},"4":{"start":{"line":16,"column":32},"end":{"line":16,"column":57}},"5":{"start":{"line":18,"column":21},"end":{"line":18,"column":67}},"6":{"start":{"line":20,"column":8},"end":{"line":23,"column":null}},"7":{"start":{"line":21,"column":4},"end":{"line":21,"column":null}},"8":{"start":{"line":22,"column":4},"end":{"line":22,"column":null}},"9":{"start":{"line":23,"column":4},"end":{"line":23,"column":null}},"10":{"start":{"line":23,"column":21},"end":{"line":23,"column":40}},"11":{"start":{"line":26,"column":2},"end":{"line":26,"column":null}},"12":{"start":{"line":26,"column":15},"end":{"line":26,"column":null}},"13":{"start":{"line":28,"column":2},"end":{"line":164,"column":null}},"14":{"start":{"line":64,"column":33},"end":{"line":64,"column":null}},"15":{"start":{"line":65,"column":14},"end":{"line":93,"column":null}},"16":{"start":{"line":69,"column":20},"end":{"line":69,"column":null}},"17":{"start":{"line":70,"column":20},"end":{"line":70,"column":null}},"18":{"start":{"line":123,"column":18},"end":{"line":123,"column":100}},"19":{"start":{"line":130,"column":18},"end":{"line":130,"column":94}},"20":{"start":{"line":146,"column":18},"end":{"line":162,"column":null}}},"fnMap":{"0":{"name":"(anonymous_0)","decl":{"start":{"line":13,"column":13},"end":{"line":13,"column":28}},"loc":{"start":{"line":13,"column":87},"end":{"line":164,"column":null}},"line":13},"1":{"name":"(anonymous_1)","decl":{"start":{"line":15,"column":46},"end":{"line":15,"column":69}},"loc":{"start":{"line":15,"column":69},"end":{"line":17,"column":null}},"line":15},"2":{"name":"(anonymous_2)","decl":{"start":{"line":16,"column":20},"end":{"line":16,"column":26}},"loc":{"start":{"line":16,"column":32},"end":{"line":16,"column":57}},"line":16},"3":{"name":"(anonymous_3)","decl":{"start":{"line":20,"column":8},"end":{"line":20,"column":22}},"loc":{"start":{"line":20,"column":39},"end":{"line":23,"column":null}},"line":20},"4":{"name":"(anonymous_4)","decl":{"start":{"line":23,"column":4},"end":{"line":23,"column":21}},"loc":{"start":{"line":23,"column":21},"end":{"line":23,"column":40}},"line":23},"5":{"name":"(anonymous_5)","decl":{"start":{"line":63,"column":22},"end":{"line":63,"column":27}},"loc":{"start":{"line":63,"column":38},"end":{"line":95,"column":null}},"line":63},"6":{"name":"(anonymous_6)","decl":{"start":{"line":68,"column":18},"end":{"line":68,"column":33}},"loc":{"start":{"line":68,"column":33},"end":{"line":70,"column":null}},"line":68},"7":{"name":"(anonymous_7)","decl":{"start":{"line":123,"column":18},"end":{"line":123,"column":33}},"loc":{"start":{"line":123,"column":18},"end":{"line":123,"column":100}},"line":123},"8":{"name":"(anonymous_8)","decl":{"start":{"line":130,"column":18},"end":{"line":130,"column":33}},"loc":{"start":{"line":130,"column":18},"end":{"line":130,"column":94}},"line":130},"9":{"name":"(anonymous_9)","decl":{"start":{"line":145,"column":41},"end":{"line":145,"column":46}},"loc":{"start":{"line":146,"column":18},"end":{"line":162,"column":null}},"line":146}},"branchMap":{"0":{"loc":{"start":{"line":16,"column":11},"end":{"line":16,"column":null}},"type":"binary-expr","locations":[{"start":{"line":16,"column":11},"end":{"line":16,"column":57}},{"start":{"line":16,"column":61},"end":{"line":16,"column":null}}],"line":16},"1":{"loc":{"start":{"line":26,"column":2},"end":{"line":26,"column":null}},"type":"if","locations":[{"start":{"line":26,"column":2},"end":{"line":26,"column":null}},{"start":{},"end":{}}],"line":26},"2":{"loc":{"start":{"line":73,"column":20},"end":{"line":75,"column":null}},"type":"cond-expr","locations":[{"start":{"line":74,"column":24},"end":{"line":74,"column":null}},{"start":{"line":75,"column":24},"end":{"line":75,"column":null}}],"line":73},"3":{"loc":{"start":{"line":81,"column":23},"end":{"line":84,"column":null}},"type":"binary-expr","locations":[{"start":{"line":81,"column":23},"end":{"line":81,"column":null}},{"start":{"line":82,"column":24},"end":{"line":84,"column":null}}],"line":81},"4":{"loc":{"start":{"line":92,"column":75},"end":{"line":92,"column":145}},"type":"cond-expr","locations":[{"start":{"line":92,"column":88},"end":{"line":92,"column":123}},{"start":{"line":92,"column":123},"end":{"line":92,"column":145}}],"line":92},"5":{"loc":{"start":{"line":149,"column":22},"end":{"line":151,"column":null}},"type":"cond-expr","locations":[{"start":{"line":150,"column":26},"end":{"line":150,"column":null}},{"start":{"line":151,"column":26},"end":{"line":151,"column":null}}],"line":149},"6":{"loc":{"start":{"line":155,"column":114},"end":{"line":155,"column":null}},"type":"cond-expr","locations":[{"start":{"line":155,"column":127},"end":{"line":155,"column":170}},{"start":{"line":155,"column":170},"end":{"line":155,"column":null}}],"line":155}},"s":{"0":1,"1":5,"2":5,"3":4,"4":12,"5":5,"6":5,"7":0,"8":0,"9":0,"10":0,"11":5,"12":5,"13":0,"14":0,"15":0,"16":0,"17":0,"18":0,"19":0,"20":0},"f":{"0":5,"1":4,"2":12,"3":0,"4":0,"5":0,"6":0,"7":0,"8":0,"9":0},"b":{"0":[4,4],"1":[5,0],"2":[0,0],"3":[0,0],"4":[0,0],"5":[0,0],"6":[0,0]},"meta":{"lastBranch":7,"lastFunction":10,"lastStatement":21,"seen":{"s:13:13:164:Infinity":0,"f:13:13:13:28":0,"s:14:10:14:34":1,"s:15:25:17:Infinity":2,"f:15:46:15:69":1,"s:16:4:16:Infinity":3,"b:16:11:16:57:16:61:16:Infinity":0,"f:16:20:16:26":2,"s:16:32:16:57":4,"s:18:21:18:67":5,"s:20:8:23:Infinity":6,"f:20:8:20:22":3,"s:21:4:21:Infinity":7,"s:22:4:22:Infinity":8,"s:23:4:23:Infinity":9,"f:23:4:23:21":4,"s:23:21:23:40":10,"b:26:2:26:Infinity:undefined:undefined:undefined:undefined":1,"s:26:2:26:Infinity":11,"s:26:15:26:Infinity":12,"s:28:2:164:Infinity":13,"f:63:22:63:27":5,"s:64:33:64:Infinity":14,"s:65:14:93:Infinity":15,"f:68:18:68:33":6,"s:69:20:69:Infinity":16,"s:70:20:70:Infinity":17,"b:74:24:74:Infinity:75:24:75:Infinity":2,"b:81:23:81:Infinity:82:24:84:Infinity":3,"b:92:88:92:123:92:123:92:145":4,"f:123:18:123:33":7,"s:123:18:123:100":18,"f:130:18:130:33":8,"s:130:18:130:94":19,"f:145:41:145:46":9,"s:146:18:162:Infinity":20,"b:150:26:150:Infinity:151:26:151:Infinity":5,"b:155:127:155:170:155:170:155:Infinity":6},"fnNames":{}}}
,"/home/admin/Projects/ricgcw_official/src/components/Footer.tsx": {"path":"/home/admin/Projects/ricgcw_official/src/components/Footer.tsx","statementMap":{"0":{"start":{"line":14,"column":13},"end":{"line":239,"column":null}},"1":{"start":{"line":15,"column":22},"end":{"line":15,"column":46}},"2":{"start":{"line":17,"column":2},"end":{"line":239,"column":null}},"3":{"start":{"line":37,"column":16},"end":{"line":37,"column":null}},"4":{"start":{"line":38,"column":16},"end":{"line":38,"column":null}},"5":{"start":{"line":46,"column":16},"end":{"line":46,"column":null}},"6":{"start":{"line":47,"column":16},"end":{"line":47,"column":null}},"7":{"start":{"line":115,"column":16},"end":{"line":131,"column":null}},"8":{"start":{"line":118,"column":20},"end":{"line":118,"column":null}},"9":{"start":{"line":119,"column":20},"end":{"line":119,"column":null}},"10":{"start":{"line":189,"column":18},"end":{"line":189,"column":83}},"11":{"start":{"line":201,"column":18},"end":{"line":201,"column":84}},"12":{"start":{"line":218,"column":18},"end":{"line":218,"column":null}},"13":{"start":{"line":219,"column":18},"end":{"line":219,"column":null}}},"fnMap":{"0":{"name":"(anonymous_0)","decl":{"start":{"line":14,"column":13},"end":{"line":14,"column":23}},"loc":{"start":{"line":14,"column":100},"end":{"line":239,"column":null}},"line":14},"1":{"name":"(anonymous_1)","decl":{"start":{"line":36,"column":14},"end":{"line":36,"column":29}},"loc":{"start":{"line":36,"column":29},"end":{"line":38,"column":null}},"line":36},"2":{"name":"(anonymous_2)","decl":{"start":{"line":45,"column":14},"end":{"line":45,"column":29}},"loc":{"start":{"line":45,"column":29},"end":{"line":47,"column":null}},"line":45},"3":{"name":"(anonymous_3)","decl":{"start":{"line":114,"column":24},"end":{"line":114,"column":29}},"loc":{"start":{"line":115,"column":16},"end":{"line":131,"column":null}},"line":115},"4":{"name":"(anonymous_4)","decl":{"start":{"line":117,"column":18},"end":{"line":117,"column":33}},"loc":{"start":{"line":117,"column":33},"end":{"line":119,"column":null}},"line":117},"5":{"name":"(anonymous_5)","decl":{"start":{"line":189,"column":18},"end":{"line":189,"column":33}},"loc":{"start":{"line":189,"column":18},"end":{"line":189,"column":83}},"line":189},"6":{"name":"(anonymous_6)","decl":{"start":{"line":201,"column":18},"end":{"line":201,"column":33}},"loc":{"start":{"line":201,"column":18},"end":{"line":201,"column":84}},"line":201},"7":{"name":"(anonymous_7)","decl":{"start":{"line":217,"column":16},"end":{"line":217,"column":31}},"loc":{"start":{"line":217,"column":31},"end":{"line":219,"column":null}},"line":217}},"branchMap":{},"s":{"0":1,"1":5,"2":5,"3":0,"4":0,"5":0,"6":0,"7":15,"8":0,"9":0,"10":0,"11":0,"12":0,"13":0},"f":{"0":5,"1":0,"2":0,"3":15,"4":0,"5":0,"6":0,"7":0},"b":{},"meta":{"lastBranch":0,"lastFunction":8,"lastStatement":14,"seen":{"s:14:13:239:Infinity":0,"f:14:13:14:23":0,"s:15:22:15:46":1,"s:17:2:239:Infinity":2,"f:36:14:36:29":1,"s:37:16:37:Infinity":3,"s:38:16:38:Infinity":4,"f:45:14:45:29":2,"s:46:16:46:Infinity":5,"s:47:16:47:Infinity":6,"f:114:24:114:29":3,"s:115:16:131:Infinity":7,"f:117:18:117:33":4,"s:118:20:118:Infinity":8,"s:119:20:119:Infinity":9,"f:189:18:189:33":5,"s:189:18:189:83":10,"f:201:18:201:33":6,"s:201:18:201:84":11,"f:217:16:217:31":7,"s:218:18:218:Infinity":12,"s:219:18:219:Infinity":13},"fnNames":{}}}
,"/home/admin/Projects/ricgcw_official/src/components/GivingModal.tsx": {"path":"/home/admin/Projects/ricgcw_official/src/components/GivingModal.tsx","statementMap":{"0":{"start":{"line":12,"column":13},"end":{"line":290,"column":null}},"1":{"start":{"line":13,"column":10},"end":{"line":13,"column":36}},"2":{"start":{"line":14,"column":27},"end":{"line":21,"column":null}},"3":{"start":{"line":23,"column":17},"end":{"line":23,"column":53}},"4":{"start":{"line":24,"column":19},"end":{"line":24,"column":94}},"5":{"start":{"line":25,"column":19},"end":{"line":25,"column":90}},"6":{"start":{"line":26,"column":20},"end":{"line":26,"column":48}},"7":{"start":{"line":27,"column":21},"end":{"line":27,"column":50}},"8":{"start":{"line":28,"column":21},"end":{"line":28,"column":50}},"9":{"start":{"line":29,"column":23},"end":{"line":29,"column":57}},"10":{"start":{"line":30,"column":20},"end":{"line":30,"column":51}},"11":{"start":{"line":32,"column":24},"end":{"line":32,"column":null}},"12":{"start":{"line":34,"column":8},"end":{"line":77,"column":null}},"13":{"start":{"line":35,"column":4},"end":{"line":35,"column":null}},"14":{"start":{"line":36,"column":4},"end":{"line":36,"column":null}},"15":{"start":{"line":37,"column":4},"end":{"line":37,"column":null}},"16":{"start":{"line":40,"column":24},"end":{"line":40,"column":null}},"17":{"start":{"line":42,"column":4},"end":{"line":69,"column":null}},"18":{"start":{"line":43,"column":6},"end":{"line":69,"column":null}},"19":{"start":{"line":44,"column":25},"end":{"line":65,"column":10}},"20":{"start":{"line":58,"column":12},"end":{"line":58,"column":null}},"21":{"start":{"line":59,"column":12},"end":{"line":59,"column":null}},"22":{"start":{"line":60,"column":12},"end":{"line":60,"column":null}},"23":{"start":{"line":63,"column":12},"end":{"line":63,"column":null}},"24":{"start":{"line":66,"column":8},"end":{"line":66,"column":null}},"25":{"start":{"line":67,"column":8},"end":{"line":67,"column":null}},"26":{"start":{"line":69,"column":8},"end":{"line":69,"column":null}},"27":{"start":{"line":74,"column":4},"end":{"line":77,"column":null}},"28":{"start":{"line":75,"column":6},"end":{"line":75,"column":null}},"29":{"start":{"line":76,"column":6},"end":{"line":76,"column":null}},"30":{"start":{"line":80,"column":8},"end":{"line":83,"column":null}},"31":{"start":{"line":81,"column":4},"end":{"line":81,"column":null}},"32":{"start":{"line":82,"column":4},"end":{"line":82,"column":null}},"33":{"start":{"line":83,"column":4},"end":{"line":83,"column":null}},"34":{"start":{"line":86,"column":2},"end":{"line":86,"column":null}},"35":{"start":{"line":86,"column":15},"end":{"line":86,"column":null}},"36":{"start":{"line":88,"column":2},"end":{"line":290,"column":null}},"37":{"start":{"line":154,"column":20},"end":{"line":165,"column":null}},"38":{"start":{"line":157,"column":37},"end":{"line":157,"column":53}},"39":{"start":{"line":176,"column":22},"end":{"line":185,"column":null}},"40":{"start":{"line":179,"column":39},"end":{"line":179,"column":56}},"41":{"start":{"line":193,"column":20},"end":{"line":204,"column":null}},"42":{"start":{"line":196,"column":37},"end":{"line":196,"column":54}},"43":{"start":{"line":218,"column":37},"end":{"line":218,"column":62}},"44":{"start":{"line":233,"column":37},"end":{"line":233,"column":65}},"45":{"start":{"line":245,"column":37},"end":{"line":245,"column":66}},"46":{"start":{"line":257,"column":37},"end":{"line":257,"column":66}}},"fnMap":{"0":{"name":"(anonymous_0)","decl":{"start":{"line":12,"column":13},"end":{"line":12,"column":28}},"loc":{"start":{"line":12,"column":87},"end":{"line":290,"column":null}},"line":12},"1":{"name":"(anonymous_1)","decl":{"start":{"line":34,"column":8},"end":{"line":34,"column":30}},"loc":{"start":{"line":34,"column":53},"end":{"line":77,"column":null}},"line":34},"2":{"name":"(anonymous_2)","decl":{"start":{"line":57,"column":10},"end":{"line":57,"column":21}},"loc":{"start":{"line":57,"column":39},"end":{"line":60,"column":null}},"line":57},"3":{"name":"(anonymous_3)","decl":{"start":{"line":62,"column":10},"end":{"line":62,"column":25}},"loc":{"start":{"line":62,"column":25},"end":{"line":63,"column":null}},"line":62},"4":{"name":"(anonymous_4)","decl":{"start":{"line":74,"column":4},"end":{"line":74,"column":21}},"loc":{"start":{"line":74,"column":21},"end":{"line":77,"column":11}},"line":74},"5":{"name":"(anonymous_5)","decl":{"start":{"line":80,"column":8},"end":{"line":80,"column":30}},"loc":{"start":{"line":80,"column":30},"end":{"line":83,"column":null}},"line":80},"6":{"name":"(anonymous_6)","decl":{"start":{"line":153,"column":36},"end":{"line":153,"column":41}},"loc":{"start":{"line":154,"column":20},"end":{"line":165,"column":null}},"line":154},"7":{"name":"(anonymous_7)","decl":{"start":{"line":157,"column":22},"end":{"line":157,"column":37}},"loc":{"start":{"line":157,"column":37},"end":{"line":157,"column":53}},"line":157},"8":{"name":"(anonymous_8)","decl":{"start":{"line":175,"column":50},"end":{"line":175,"column":55}},"loc":{"start":{"line":176,"column":22},"end":{"line":185,"column":null}},"line":176},"9":{"name":"(anonymous_9)","decl":{"start":{"line":179,"column":24},"end":{"line":179,"column":39}},"loc":{"start":{"line":179,"column":39},"end":{"line":179,"column":56}},"line":179},"10":{"name":"(anonymous_10)","decl":{"start":{"line":192,"column":33},"end":{"line":192,"column":38}},"loc":{"start":{"line":193,"column":20},"end":{"line":204,"column":null}},"line":193},"11":{"name":"(anonymous_11)","decl":{"start":{"line":196,"column":22},"end":{"line":196,"column":37}},"loc":{"start":{"line":196,"column":37},"end":{"line":196,"column":54}},"line":196},"12":{"name":"(anonymous_12)","decl":{"start":{"line":218,"column":20},"end":{"line":218,"column":31}},"loc":{"start":{"line":218,"column":37},"end":{"line":218,"column":62}},"line":218},"13":{"name":"(anonymous_13)","decl":{"start":{"line":233,"column":20},"end":{"line":233,"column":31}},"loc":{"start":{"line":233,"column":37},"end":{"line":233,"column":65}},"line":233},"14":{"name":"(anonymous_14)","decl":{"start":{"line":245,"column":20},"end":{"line":245,"column":31}},"loc":{"start":{"line":245,"column":37},"end":{"line":245,"column":66}},"line":245},"15":{"name":"(anonymous_15)","decl":{"start":{"line":257,"column":20},"end":{"line":257,"column":31}},"loc":{"start":{"line":257,"column":37},"end":{"line":257,"column":66}},"line":257}},"branchMap":{"0":{"loc":{"start":{"line":14,"column":27},"end":{"line":21,"column":null}},"type":"binary-expr","locations":[{"start":{"line":14,"column":27},"end":{"line":14,"column":59}},{"start":{"line":14,"column":59},"end":{"line":21,"column":null}}],"line":14},"1":{"loc":{"start":{"line":24,"column":51},"end":{"line":24,"column":94}},"type":"binary-expr","locations":[{"start":{"line":24,"column":51},"end":{"line":24,"column":88}},{"start":{"line":24,"column":88},"end":{"line":24,"column":94}}],"line":24},"2":{"loc":{"start":{"line":25,"column":51},"end":{"line":25,"column":90}},"type":"binary-expr","locations":[{"start":{"line":25,"column":51},"end":{"line":25,"column":70}},{"start":{"line":25,"column":70},"end":{"line":25,"column":90}}],"line":25},"3":{"loc":{"start":{"line":42,"column":4},"end":{"line":69,"column":null}},"type":"if","locations":[{"start":{"line":42,"column":4},"end":{"line":69,"column":null}},{"start":{},"end":{}}],"line":42},"4":{"loc":{"start":{"line":42,"column":8},"end":{"line":42,"column":85}},"type":"binary-expr","locations":[{"start":{"line":42,"column":8},"end":{"line":42,"column":42}},{"start":{"line":42,"column":42},"end":{"line":42,"column":72}},{"start":{"line":42,"column":72},"end":{"line":42,"column":85}}],"line":42},"5":{"loc":{"start":{"line":46,"column":17},"end":{"line":46,"column":null}},"type":"binary-expr","locations":[{"start":{"line":46,"column":17},"end":{"line":46,"column":31}},{"start":{"line":46,"column":31},"end":{"line":46,"column":null}}],"line":46},"6":{"loc":{"start":{"line":86,"column":2},"end":{"line":86,"column":null}},"type":"if","locations":[{"start":{"line":86,"column":2},"end":{"line":86,"column":null}},{"start":{},"end":{}}],"line":86},"7":{"loc":{"start":{"line":120,"column":11},"end":{"line":285,"column":null}},"type":"cond-expr","locations":[{"start":{"line":121,"column":12},"end":{"line":148,"column":13}},{"start":{"line":148,"column":12},"end":{"line":285,"column":null}}],"line":120},"8":{"loc":{"start":{"line":159,"column":24},"end":{"line":161,"column":null}},"type":"cond-expr","locations":[{"start":{"line":160,"column":28},"end":{"line":160,"column":null}},{"start":{"line":161,"column":28},"end":{"line":161,"column":null}}],"line":159},"9":{"loc":{"start":{"line":181,"column":26},"end":{"line":181,"column":null}},"type":"cond-expr","locations":[{"start":{"line":181,"column":46},"end":{"line":181,"column":78}},{"start":{"line":181,"column":78},"end":{"line":181,"column":null}}],"line":181},"10":{"loc":{"start":{"line":198,"column":24},"end":{"line":200,"column":null}},"type":"cond-expr","locations":[{"start":{"line":199,"column":28},"end":{"line":199,"column":null}},{"start":{"line":200,"column":28},"end":{"line":200,"column":null}}],"line":198},"11":{"loc":{"start":{"line":273,"column":21},"end":{"line":273,"column":null}},"type":"cond-expr","locations":[{"start":{"line":273,"column":36},"end":{"line":273,"column":69}},{"start":{"line":273,"column":69},"end":{"line":273,"column":null}}],"line":273},"12":{"loc":{"start":{"line":273,"column":97},"end":{"line":273,"column":111}},"type":"binary-expr","locations":[{"start":{"line":273,"column":97},"end":{"line":273,"column":107}},{"start":{"line":273,"column":107},"end":{"line":273,"column":111}}],"line":273}},"s":{"0":1,"1":5,"2":5,"3":5,"4":5,"5":5,"6":5,"7":5,"8":5,"9":5,"10":5,"11":5,"12":5,"13":0,"14":0,"15":0,"16":0,"17":0,"18":0,"19":0,"20":0,"21":0,"22":0,"23":0,"24":0,"25":0,"26":0,"27":0,"28":0,"29":0,"30":5,"31":0,"32":0,"33":0,"34":5,"35":4,"36":1,"37":7,"38":0,"39":4,"40":0,"41":6,"42":0,"43":0,"44":0,"45":0,"46":0},"f":{"0":5,"1":0,"2":0,"3":0,"4":0,"5":0,"6":7,"7":0,"8":4,"9":0,"10":6,"11":0,"12":0,"13":0,"14":0,"15":0},"b":{"0":[5,0],"1":[5,0],"2":[5,0],"3":[0,0],"4":[0,0,0],"5":[0,0],"6":[4,1],"7":[0,1],"8":[1,6],"9":[1,3],"10":[1,5],"11":[0,1],"12":[1,0]},"meta":{"lastBranch":13,"lastFunction":16,"lastStatement":47,"seen":{"s:12:13:290:Infinity":0,"f:12:13:12:28":0,"s:13:10:13:36":1,"s:14:27:21:Infinity":2,"b:14:27:14:59:14:59:21:Infinity":0,"s:23:17:23:53":3,"s:24:19:24:94":4,"b:24:51:24:88:24:88:24:94":1,"s:25:19:25:90":5,"b:25:51:25:70:25:70:25:90":2,"s:26:20:26:48":6,"s:27:21:27:50":7,"s:28:21:28:50":8,"s:29:23:29:57":9,"s:30:20:30:51":10,"s:32:24:32:Infinity":11,"s:34:8:77:Infinity":12,"f:34:8:34:30":1,"s:35:4:35:Infinity":13,"s:36:4:36:Infinity":14,"s:37:4:37:Infinity":15,"s:40:24:40:Infinity":16,"b:42:4:69:Infinity:undefined:undefined:undefined:undefined":3,"s:42:4:69:Infinity":17,"b:42:8:42:42:42:42:42:72:42:72:42:85":4,"s:43:6:69:Infinity":18,"s:44:25:65:10":19,"b:46:17:46:31:46:31:46:Infinity":5,"f:57:10:57:21":2,"s:58:12:58:Infinity":20,"s:59:12:59:Infinity":21,"s:60:12:60:Infinity":22,"f:62:10:62:25":3,"s:63:12:63:Infinity":23,"s:66:8:66:Infinity":24,"s:67:8:67:Infinity":25,"s:69:8:69:Infinity":26,"s:74:4:77:Infinity":27,"f:74:4:74:21":4,"s:75:6:75:Infinity":28,"s:76:6:76:Infinity":29,"s:80:8:83:Infinity":30,"f:80:8:80:30":5,"s:81:4:81:Infinity":31,"s:82:4:82:Infinity":32,"s:83:4:83:Infinity":33,"b:86:2:86:Infinity:undefined:undefined:undefined:undefined":6,"s:86:2:86:Infinity":34,"s:86:15:86:Infinity":35,"s:88:2:290:Infinity":36,"b:121:12:148:13:148:12:285:Infinity":7,"f:153:36:153:41":6,"s:154:20:165:Infinity":37,"f:157:22:157:37":7,"s:157:37:157:53":38,"b:160:28:160:Infinity:161:28:161:Infinity":8,"f:175:50:175:55":8,"s:176:22:185:Infinity":39,"f:179:24:179:39":9,"s:179:39:179:56":40,"b:181:46:181:78:181:78:181:Infinity":9,"f:192:33:192:38":10,"s:193:20:204:Infinity":41,"f:196:22:196:37":11,"s:196:37:196:54":42,"b:199:28:199:Infinity:200:28:200:Infinity":10,"f:218:20:218:31":12,"s:218:37:218:62":43,"f:233:20:233:31":13,"s:233:37:233:65":44,"f:245:20:245:31":14,"s:245:37:245:66":45,"f:257:20:257:31":15,"s:257:37:257:66":46,"b:273:36:273:69:273:69:273:Infinity":11,"b:273:97:273:107:273:107:273:111":12},"fnNames":{}}}
,"/home/admin/Projects/ricgcw_official/src/components/Icons.tsx": {"path":"/home/admin/Projects/ricgcw_official/src/components/Icons.tsx","statementMap":{"0":{"start":{"line":3,"column":13},"end":{"line":6,"column":null}},"1":{"start":{"line":4,"column":2},"end":{"line":6,"column":null}},"2":{"start":{"line":9,"column":13},"end":{"line":12,"column":null}},"3":{"start":{"line":10,"column":2},"end":{"line":12,"column":null}},"4":{"start":{"line":15,"column":13},"end":{"line":18,"column":null}},"5":{"start":{"line":16,"column":2},"end":{"line":18,"column":null}}},"fnMap":{"0":{"name":"(anonymous_0)","decl":{"start":{"line":3,"column":13},"end":{"line":3,"column":62}},"loc":{"start":{"line":4,"column":2},"end":{"line":6,"column":null}},"line":4},"1":{"name":"(anonymous_1)","decl":{"start":{"line":9,"column":13},"end":{"line":9,"column":63}},"loc":{"start":{"line":10,"column":2},"end":{"line":12,"column":null}},"line":10},"2":{"name":"(anonymous_2)","decl":{"start":{"line":15,"column":13},"end":{"line":15,"column":64}},"loc":{"start":{"line":16,"column":2},"end":{"line":18,"column":null}},"line":16}},"branchMap":{"0":{"loc":{"start":{"line":3,"column":64},"end":{"line":3,"column":null}},"type":"default-arg","locations":[{"start":{"line":3,"column":76},"end":{"line":3,"column":null}}],"line":3},"1":{"loc":{"start":{"line":9,"column":65},"end":{"line":9,"column":null}},"type":"default-arg","locations":[{"start":{"line":9,"column":77},"end":{"line":9,"column":null}}],"line":9},"2":{"loc":{"start":{"line":15,"column":66},"end":{"line":15,"column":null}},"type":"default-arg","locations":[{"start":{"line":15,"column":78},"end":{"line":15,"column":null}}],"line":15}},"s":{"0":1,"1":5,"2":1,"3":5,"4":1,"5":5},"f":{"0":5,"1":5,"2":5},"b":{"0":[5],"1":[5],"2":[5]},"meta":{"lastBranch":3,"lastFunction":3,"lastStatement":6,"seen":{"s:3:13:6:Infinity":0,"f:3:13:3:62":0,"s:4:2:6:Infinity":1,"b:3:76:3:Infinity":0,"s:9:13:12:Infinity":2,"f:9:13:9:63":1,"s:10:2:12:Infinity":3,"b:9:77:9:Infinity":1,"s:15:13:18:Infinity":4,"f:15:13:15:64":2,"s:16:2:18:Infinity":5,"b:15:78:15:Infinity":2},"fnNames":{}}}
,"/home/admin/Projects/ricgcw_official/src/components/MobileQuickBar.tsx": {"path":"/home/admin/Projects/ricgcw_official/src/components/MobileQuickBar.tsx","statementMap":{"0":{"start":{"line":11,"column":13},"end":{"line":73,"column":null}},"1":{"start":{"line":15,"column":10},"end":{"line":15,"column":36}},"2":{"start":{"line":17,"column":8},"end":{"line":19,"column":null}},"3":{"start":{"line":18,"column":4},"end":{"line":18,"column":null}},"4":{"start":{"line":19,"column":4},"end":{"line":19,"column":null}},"5":{"start":{"line":22,"column":8},"end":{"line":25,"column":null}},"6":{"start":{"line":23,"column":4},"end":{"line":23,"column":null}},"7":{"start":{"line":24,"column":23},"end":{"line":24,"column":70}},"8":{"start":{"line":25,"column":4},"end":{"line":25,"column":null}},"9":{"start":{"line":28,"column":8},"end":{"line":30,"column":null}},"10":{"start":{"line":29,"column":4},"end":{"line":29,"column":null}},"11":{"start":{"line":30,"column":4},"end":{"line":30,"column":null}},"12":{"start":{"line":33,"column":8},"end":{"line":35,"column":null}},"13":{"start":{"line":34,"column":4},"end":{"line":34,"column":null}},"14":{"start":{"line":35,"column":4},"end":{"line":35,"column":null}},"15":{"start":{"line":38,"column":2},"end":{"line":73,"column":null}}},"fnMap":{"0":{"name":"(anonymous_0)","decl":{"start":{"line":11,"column":13},"end":{"line":11,"column":62}},"loc":{"start":{"line":14,"column":6},"end":{"line":73,"column":null}},"line":14},"1":{"name":"(anonymous_1)","decl":{"start":{"line":17,"column":8},"end":{"line":17,"column":27}},"loc":{"start":{"line":17,"column":27},"end":{"line":19,"column":null}},"line":17},"2":{"name":"(anonymous_2)","decl":{"start":{"line":22,"column":8},"end":{"line":22,"column":31}},"loc":{"start":{"line":22,"column":31},"end":{"line":25,"column":null}},"line":22},"3":{"name":"(anonymous_3)","decl":{"start":{"line":28,"column":8},"end":{"line":28,"column":34}},"loc":{"start":{"line":28,"column":34},"end":{"line":30,"column":null}},"line":28},"4":{"name":"(anonymous_4)","decl":{"start":{"line":33,"column":8},"end":{"line":33,"column":34}},"loc":{"start":{"line":33,"column":34},"end":{"line":35,"column":null}},"line":33}},"branchMap":{},"s":{"0":1,"1":5,"2":5,"3":0,"4":0,"5":5,"6":0,"7":0,"8":0,"9":5,"10":0,"11":0,"12":5,"13":0,"14":0,"15":5},"f":{"0":5,"1":0,"2":0,"3":0,"4":0},"b":{},"meta":{"lastBranch":0,"lastFunction":5,"lastStatement":16,"seen":{"s:11:13:73:Infinity":0,"f:11:13:11:62":0,"s:15:10:15:36":1,"s:17:8:19:Infinity":2,"f:17:8:17:27":1,"s:18:4:18:Infinity":3,"s:19:4:19:Infinity":4,"s:22:8:25:Infinity":5,"f:22:8:22:31":2,"s:23:4:23:Infinity":6,"s:24:23:24:70":7,"s:25:4:25:Infinity":8,"s:28:8:30:Infinity":9,"f:28:8:28:34":3,"s:29:4:29:Infinity":10,"s:30:4:30:Infinity":11,"s:33:8:35:Infinity":12,"f:33:8:33:34":4,"s:34:4:34:Infinity":13,"s:35:4:35:Infinity":14,"s:38:2:73:Infinity":15},"fnNames":{}}}
,"/home/admin/Projects/ricgcw_official/src/components/Navbar.tsx": {"path":"/home/admin/Projects/ricgcw_official/src/components/Navbar.tsx","statementMap":{"0":{"start":{"line":15,"column":13},"end":{"line":257,"column":null}},"1":{"start":{"line":16,"column":21},"end":{"line":16,"column":53}},"2":{"start":{"line":17,"column":27},"end":{"line":17,"column":65}},"3":{"start":{"line":18,"column":8},"end":{"line":18,"column":32}},"4":{"start":{"line":19,"column":8},"end":{"line":19,"column":32}},"5":{"start":{"line":20,"column":17},"end":{"line":20,"column":null}},"6":{"start":{"line":21,"column":22},"end":{"line":21,"column":51}},"7":{"start":{"line":23,"column":2},"end":{"line":27,"column":null}},"8":{"start":{"line":24,"column":10},"end":{"line":24,"column":65}},"9":{"start":{"line":24,"column":31},"end":{"line":24,"column":65}},"10":{"start":{"line":25,"column":4},"end":{"line":25,"column":null}},"11":{"start":{"line":26,"column":4},"end":{"line":26,"column":null}},"12":{"start":{"line":26,"column":17},"end":{"line":26,"column":67}},"13":{"start":{"line":29,"column":8},"end":{"line":39,"column":null}},"14":{"start":{"line":30,"column":4},"end":{"line":30,"column":null}},"15":{"start":{"line":31,"column":4},"end":{"line":39,"column":null}},"16":{"start":{"line":32,"column":6},"end":{"line":32,"column":null}},"17":{"start":{"line":33,"column":6},"end":{"line":36,"column":null}},"18":{"start":{"line":34,"column":19},"end":{"line":34,"column":53}},"19":{"start":{"line":35,"column":8},"end":{"line":35,"column":null}},"20":{"start":{"line":35,"column":16},"end":{"line":35,"column":null}},"21":{"start":{"line":38,"column":17},"end":{"line":38,"column":51}},"22":{"start":{"line":39,"column":6},"end":{"line":39,"column":null}},"23":{"start":{"line":39,"column":14},"end":{"line":39,"column":null}},"24":{"start":{"line":43,"column":19},"end":{"line":52,"column":null}},"25":{"start":{"line":54,"column":2},"end":{"line":257,"column":null}},"26":{"start":{"line":71,"column":16},"end":{"line":71,"column":82}},"27":{"start":{"line":79,"column":18},"end":{"line":79,"column":null}},"28":{"start":{"line":80,"column":18},"end":{"line":80,"column":null}},"29":{"start":{"line":123,"column":14},"end":{"line":138,"column":null}},"30":{"start":{"line":134,"column":33},"end":{"line":134,"column":57}},"31":{"start":{"line":149,"column":14},"end":{"line":149,"column":80}},"32":{"start":{"line":158,"column":16},"end":{"line":158,"column":null}},"33":{"start":{"line":159,"column":16},"end":{"line":159,"column":null}},"34":{"start":{"line":169,"column":16},"end":{"line":169,"column":null}},"35":{"start":{"line":170,"column":16},"end":{"line":170,"column":null}},"36":{"start":{"line":183,"column":16},"end":{"line":183,"column":null}},"37":{"start":{"line":184,"column":16},"end":{"line":184,"column":null}},"38":{"start":{"line":191,"column":29},"end":{"line":191,"column":67}},"39":{"start":{"line":205,"column":16},"end":{"line":221,"column":null}},"40":{"start":{"line":209,"column":35},"end":{"line":209,"column":61}},"41":{"start":{"line":217,"column":35},"end":{"line":217,"column":59}},"42":{"start":{"line":229,"column":18},"end":{"line":229,"column":null}},"43":{"start":{"line":230,"column":18},"end":{"line":230,"column":null}},"44":{"start":{"line":238,"column":18},"end":{"line":238,"column":null}},"45":{"start":{"line":239,"column":18},"end":{"line":239,"column":null}}},"fnMap":{"0":{"name":"(anonymous_0)","decl":{"start":{"line":15,"column":13},"end":{"line":15,"column":23}},"loc":{"start":{"line":15,"column":100},"end":{"line":257,"column":null}},"line":15},"1":{"name":"(anonymous_1)","decl":{"start":{"line":23,"column":2},"end":{"line":23,"column":18}},"loc":{"start":{"line":23,"column":18},"end":{"line":27,"column":7}},"line":23},"2":{"name":"(anonymous_2)","decl":{"start":{"line":24,"column":10},"end":{"line":24,"column":31}},"loc":{"start":{"line":24,"column":31},"end":{"line":24,"column":65}},"line":24},"3":{"name":"(anonymous_3)","decl":{"start":{"line":26,"column":4},"end":{"line":26,"column":17}},"loc":{"start":{"line":26,"column":17},"end":{"line":26,"column":67}},"line":26},"4":{"name":"(anonymous_4)","decl":{"start":{"line":29,"column":8},"end":{"line":29,"column":26}},"loc":{"start":{"line":29,"column":48},"end":{"line":39,"column":null}},"line":29},"5":{"name":"(anonymous_5)","decl":{"start":{"line":33,"column":6},"end":{"line":33,"column":23}},"loc":{"start":{"line":33,"column":23},"end":{"line":36,"column":13}},"line":33},"6":{"name":"(anonymous_6)","decl":{"start":{"line":71,"column":16},"end":{"line":71,"column":31}},"loc":{"start":{"line":71,"column":16},"end":{"line":71,"column":82}},"line":71},"7":{"name":"(anonymous_7)","decl":{"start":{"line":78,"column":16},"end":{"line":78,"column":31}},"loc":{"start":{"line":78,"column":31},"end":{"line":80,"column":null}},"line":78},"8":{"name":"(anonymous_8)","decl":{"start":{"line":122,"column":22},"end":{"line":122,"column":27}},"loc":{"start":{"line":123,"column":14},"end":{"line":138,"column":null}},"line":123},"9":{"name":"(anonymous_9)","decl":{"start":{"line":134,"column":18},"end":{"line":134,"column":33}},"loc":{"start":{"line":134,"column":33},"end":{"line":134,"column":57}},"line":134},"10":{"name":"(anonymous_10)","decl":{"start":{"line":149,"column":14},"end":{"line":149,"column":29}},"loc":{"start":{"line":149,"column":14},"end":{"line":149,"column":80}},"line":149},"11":{"name":"(anonymous_11)","decl":{"start":{"line":157,"column":14},"end":{"line":157,"column":29}},"loc":{"start":{"line":157,"column":29},"end":{"line":159,"column":null}},"line":157},"12":{"name":"(anonymous_12)","decl":{"start":{"line":168,"column":14},"end":{"line":168,"column":29}},"loc":{"start":{"line":168,"column":29},"end":{"line":170,"column":null}},"line":168},"13":{"name":"(anonymous_13)","decl":{"start":{"line":182,"column":14},"end":{"line":182,"column":29}},"loc":{"start":{"line":182,"column":29},"end":{"line":184,"column":null}},"line":182},"14":{"name":"(anonymous_14)","decl":{"start":{"line":191,"column":14},"end":{"line":191,"column":29}},"loc":{"start":{"line":191,"column":29},"end":{"line":191,"column":67}},"line":191},"15":{"name":"(anonymous_15)","decl":{"start":{"line":204,"column":24},"end":{"line":204,"column":29}},"loc":{"start":{"line":205,"column":16},"end":{"line":221,"column":null}},"line":205},"16":{"name":"(anonymous_16)","decl":{"start":{"line":209,"column":20},"end":{"line":209,"column":35}},"loc":{"start":{"line":209,"column":35},"end":{"line":209,"column":61}},"line":209},"17":{"name":"(anonymous_17)","decl":{"start":{"line":217,"column":20},"end":{"line":217,"column":35}},"loc":{"start":{"line":217,"column":35},"end":{"line":217,"column":59}},"line":217},"18":{"name":"(anonymous_18)","decl":{"start":{"line":228,"column":16},"end":{"line":228,"column":31}},"loc":{"start":{"line":228,"column":31},"end":{"line":230,"column":null}},"line":228},"19":{"name":"(anonymous_19)","decl":{"start":{"line":237,"column":16},"end":{"line":237,"column":31}},"loc":{"start":{"line":237,"column":31},"end":{"line":239,"column":null}},"line":237}},"branchMap":{"0":{"loc":{"start":{"line":31,"column":4},"end":{"line":39,"column":null}},"type":"if","locations":[{"start":{"line":31,"column":4},"end":{"line":39,"column":null}},{"start":{"line":37,"column":11},"end":{"line":39,"column":null}}],"line":31},"1":{"loc":{"start":{"line":35,"column":8},"end":{"line":35,"column":null}},"type":"if","locations":[{"start":{"line":35,"column":8},"end":{"line":35,"column":null}},{"start":{},"end":{}}],"line":35},"2":{"loc":{"start":{"line":39,"column":6},"end":{"line":39,"column":null}},"type":"if","locations":[{"start":{"line":39,"column":6},"end":{"line":39,"column":null}},{"start":{},"end":{}}],"line":39},"3":{"loc":{"start":{"line":57,"column":7},"end":{"line":92,"column":7}},"type":"binary-expr","locations":[{"start":{"line":57,"column":7},"end":{"line":57,"column":null}},{"start":{"line":58,"column":8},"end":{"line":92,"column":7}}],"line":57},"4":{"loc":{"start":{"line":94,"column":10},"end":{"line":96,"column":null}},"type":"cond-expr","locations":[{"start":{"line":95,"column":14},"end":{"line":95,"column":null}},{"start":{"line":96,"column":14},"end":{"line":96,"column":null}}],"line":94},"5":{"loc":{"start":{"line":123,"column":14},"end":{"line":138,"column":null}},"type":"cond-expr","locations":[{"start":{"line":124,"column":16},"end":{"line":130,"column":null}},{"start":{"line":132,"column":16},"end":{"line":138,"column":null}}],"line":123},"6":{"loc":{"start":{"line":195,"column":15},"end":{"line":195,"column":null}},"type":"cond-expr","locations":[{"start":{"line":195,"column":34},"end":{"line":195,"column":63}},{"start":{"line":195,"column":62},"end":{"line":195,"column":null}}],"line":195},"7":{"loc":{"start":{"line":201,"column":9},"end":{"line":257,"column":null}},"type":"binary-expr","locations":[{"start":{"line":201,"column":9},"end":{"line":201,"column":null}},{"start":{"line":202,"column":10},"end":{"line":257,"column":null}}],"line":201},"8":{"loc":{"start":{"line":205,"column":16},"end":{"line":221,"column":null}},"type":"cond-expr","locations":[{"start":{"line":206,"column":18},"end":{"line":213,"column":null}},{"start":{"line":215,"column":18},"end":{"line":221,"column":null}}],"line":205}},"s":{"0":1,"1":5,"2":5,"3":5,"4":5,"5":5,"6":5,"7":5,"8":4,"9":0,"10":4,"11":4,"12":4,"13":5,"14":0,"15":0,"16":0,"17":0,"18":0,"19":0,"20":0,"21":0,"22":0,"23":0,"24":5,"25":5,"26":0,"27":0,"28":0,"29":40,"30":0,"31":0,"32":0,"33":0,"34":0,"35":0,"36":0,"37":0,"38":0,"39":0,"40":0,"41":0,"42":0,"43":0,"44":0,"45":0},"f":{"0":5,"1":4,"2":0,"3":4,"4":0,"5":0,"6":0,"7":0,"8":40,"9":0,"10":0,"11":0,"12":0,"13":0,"14":0,"15":0,"16":0,"17":0,"18":0,"19":0},"b":{"0":[0,0],"1":[0,0],"2":[0,0],"3":[5,5],"4":[0,5],"5":[5,35],"6":[0,5],"7":[5,0],"8":[0,0]},"meta":{"lastBranch":9,"lastFunction":20,"lastStatement":46,"seen":{"s:15:13:257:Infinity":0,"f:15:13:15:23":0,"s:16:21:16:53":1,"s:17:27:17:65":2,"s:18:8:18:32":3,"s:19:8:19:32":4,"s:20:17:20:Infinity":5,"s:21:22:21:51":6,"s:23:2:27:Infinity":7,"f:23:2:23:18":1,"s:24:10:24:65":8,"f:24:10:24:31":2,"s:24:31:24:65":9,"s:25:4:25:Infinity":10,"s:26:4:26:Infinity":11,"f:26:4:26:17":3,"s:26:17:26:67":12,"s:29:8:39:Infinity":13,"f:29:8:29:26":4,"s:30:4:30:Infinity":14,"b:31:4:39:Infinity:37:11:39:Infinity":0,"s:31:4:39:Infinity":15,"s:32:6:32:Infinity":16,"s:33:6:36:Infinity":17,"f:33:6:33:23":5,"s:34:19:34:53":18,"b:35:8:35:Infinity:undefined:undefined:undefined:undefined":1,"s:35:8:35:Infinity":19,"s:35:16:35:Infinity":20,"s:38:17:38:51":21,"b:39:6:39:Infinity:undefined:undefined:undefined:undefined":2,"s:39:6:39:Infinity":22,"s:39:14:39:Infinity":23,"s:43:19:52:Infinity":24,"s:54:2:257:Infinity":25,"b:57:7:57:Infinity:58:8:92:7":3,"f:71:16:71:31":6,"s:71:16:71:82":26,"f:78:16:78:31":7,"s:79:18:79:Infinity":27,"s:80:18:80:Infinity":28,"b:95:14:95:Infinity:96:14:96:Infinity":4,"f:122:22:122:27":8,"s:123:14:138:Infinity":29,"b:124:16:130:Infinity:132:16:138:Infinity":5,"f:134:18:134:33":9,"s:134:33:134:57":30,"f:149:14:149:29":10,"s:149:14:149:80":31,"f:157:14:157:29":11,"s:158:16:158:Infinity":32,"s:159:16:159:Infinity":33,"f:168:14:168:29":12,"s:169:16:169:Infinity":34,"s:170:16:170:Infinity":35,"f:182:14:182:29":13,"s:183:16:183:Infinity":36,"s:184:16:184:Infinity":37,"f:191:14:191:29":14,"s:191:29:191:67":38,"b:195:34:195:63:195:62:195:Infinity":6,"b:201:9:201:Infinity:202:10:257:Infinity":7,"f:204:24:204:29":15,"s:205:16:221:Infinity":39,"b:206:18:213:Infinity:215:18:221:Infinity":8,"f:209:20:209:35":16,"s:209:35:209:61":40,"f:217:20:217:35":17,"s:217:35:217:59":41,"f:228:16:228:31":18,"s:229:18:229:Infinity":42,"s:230:18:230:Infinity":43,"f:237:16:237:31":19,"s:238:18:238:Infinity":44,"s:239:18:239:Infinity":45},"fnNames":{}}}
,"/home/admin/Projects/ricgcw_official/src/components/PrayerModal.tsx": {"path":"/home/admin/Projects/ricgcw_official/src/components/PrayerModal.tsx","statementMap":{"0":{"start":{"line":11,"column":13},"end":{"line":241,"column":null}},"1":{"start":{"line":12,"column":22},"end":{"line":12,"column":54}},"2":{"start":{"line":13,"column":20},"end":{"line":13,"column":51}},"3":{"start":{"line":14,"column":19},"end":{"line":21,"column":4}},"4":{"start":{"line":23,"column":21},"end":{"line":30,"column":null}},"5":{"start":{"line":32,"column":8},"end":{"line":49,"column":null}},"6":{"start":{"line":33,"column":4},"end":{"line":33,"column":null}},"7":{"start":{"line":34,"column":4},"end":{"line":41,"column":null}},"8":{"start":{"line":43,"column":4},"end":{"line":47,"column":null}},"9":{"start":{"line":49,"column":4},"end":{"line":49,"column":null}},"10":{"start":{"line":52,"column":8},"end":{"line":62,"column":null}},"11":{"start":{"line":53,"column":4},"end":{"line":53,"column":null}},"12":{"start":{"line":54,"column":4},"end":{"line":61,"column":null}},"13":{"start":{"line":62,"column":4},"end":{"line":62,"column":null}},"14":{"start":{"line":65,"column":2},"end":{"line":65,"column":null}},"15":{"start":{"line":65,"column":15},"end":{"line":65,"column":null}},"16":{"start":{"line":67,"column":2},"end":{"line":241,"column":null}},"17":{"start":{"line":122,"column":18},"end":{"line":122,"column":98}},"18":{"start":{"line":148,"column":37},"end":{"line":148,"column":87}},"19":{"start":{"line":162,"column":37},"end":{"line":162,"column":88}},"20":{"start":{"line":176,"column":35},"end":{"line":176,"column":86}},"21":{"start":{"line":188,"column":20},"end":{"line":199,"column":null}},"22":{"start":{"line":191,"column":37},"end":{"line":191,"column":80}},"23":{"start":{"line":212,"column":35},"end":{"line":212,"column":88}},"24":{"start":{"line":223,"column":37},"end":{"line":223,"column":99}}},"fnMap":{"0":{"name":"(anonymous_0)","decl":{"start":{"line":11,"column":13},"end":{"line":11,"column":28}},"loc":{"start":{"line":11,"column":70},"end":{"line":241,"column":null}},"line":11},"1":{"name":"(anonymous_1)","decl":{"start":{"line":32,"column":8},"end":{"line":32,"column":24}},"loc":{"start":{"line":32,"column":47},"end":{"line":49,"column":null}},"line":32},"2":{"name":"(anonymous_2)","decl":{"start":{"line":47,"column":7},"end":{"line":47,"column":19}},"loc":{"start":{"line":47,"column":19},"end":{"line":47,"column":22}},"line":47},"3":{"name":"(anonymous_3)","decl":{"start":{"line":52,"column":8},"end":{"line":52,"column":30}},"loc":{"start":{"line":52,"column":30},"end":{"line":62,"column":null}},"line":52},"4":{"name":"(anonymous_4)","decl":{"start":{"line":122,"column":18},"end":{"line":122,"column":33}},"loc":{"start":{"line":122,"column":18},"end":{"line":122,"column":98}},"line":122},"5":{"name":"(anonymous_5)","decl":{"start":{"line":148,"column":20},"end":{"line":148,"column":31}},"loc":{"start":{"line":148,"column":37},"end":{"line":148,"column":87}},"line":148},"6":{"name":"(anonymous_6)","decl":{"start":{"line":162,"column":20},"end":{"line":162,"column":31}},"loc":{"start":{"line":162,"column":37},"end":{"line":162,"column":88}},"line":162},"7":{"name":"(anonymous_7)","decl":{"start":{"line":176,"column":18},"end":{"line":176,"column":29}},"loc":{"start":{"line":176,"column":35},"end":{"line":176,"column":86}},"line":176},"8":{"name":"(anonymous_8)","decl":{"start":{"line":187,"column":30},"end":{"line":187,"column":35}},"loc":{"start":{"line":188,"column":20},"end":{"line":199,"column":null}},"line":188},"9":{"name":"(anonymous_9)","decl":{"start":{"line":191,"column":22},"end":{"line":191,"column":37}},"loc":{"start":{"line":191,"column":37},"end":{"line":191,"column":80}},"line":191},"10":{"name":"(anonymous_10)","decl":{"start":{"line":212,"column":18},"end":{"line":212,"column":29}},"loc":{"start":{"line":212,"column":35},"end":{"line":212,"column":88}},"line":212},"11":{"name":"(anonymous_11)","decl":{"start":{"line":223,"column":20},"end":{"line":223,"column":31}},"loc":{"start":{"line":223,"column":37},"end":{"line":223,"column":99}},"line":223}},"branchMap":{"0":{"loc":{"start":{"line":65,"column":2},"end":{"line":65,"column":null}},"type":"if","locations":[{"start":{"line":65,"column":2},"end":{"line":65,"column":null}},{"start":{},"end":{}}],"line":65},"1":{"loc":{"start":{"line":99,"column":11},"end":{"line":238,"column":null}},"type":"cond-expr","locations":[{"start":{"line":100,"column":12},"end":{"line":138,"column":13}},{"start":{"line":138,"column":12},"end":{"line":238,"column":null}}],"line":99},"2":{"loc":{"start":{"line":193,"column":24},"end":{"line":195,"column":null}},"type":"cond-expr","locations":[{"start":{"line":194,"column":28},"end":{"line":194,"column":null}},{"start":{"line":195,"column":28},"end":{"line":195,"column":null}}],"line":193}},"s":{"0":1,"1":5,"2":5,"3":5,"4":5,"5":5,"6":0,"7":0,"8":0,"9":0,"10":5,"11":0,"12":0,"13":0,"14":5,"15":5,"16":0,"17":0,"18":0,"19":0,"20":0,"21":0,"22":0,"23":0,"24":0},"f":{"0":5,"1":0,"2":0,"3":0,"4":0,"5":0,"6":0,"7":0,"8":0,"9":0,"10":0,"11":0},"b":{"0":[5,0],"1":[0,0],"2":[0,0]},"meta":{"lastBranch":3,"lastFunction":12,"lastStatement":25,"seen":{"s:11:13:241:Infinity":0,"f:11:13:11:28":0,"s:12:22:12:54":1,"s:13:20:13:51":2,"s:14:19:21:4":3,"s:23:21:30:Infinity":4,"s:32:8:49:Infinity":5,"f:32:8:32:24":1,"s:33:4:33:Infinity":6,"s:34:4:41:Infinity":7,"s:43:4:47:Infinity":8,"f:47:7:47:19":2,"s:49:4:49:Infinity":9,"s:52:8:62:Infinity":10,"f:52:8:52:30":3,"s:53:4:53:Infinity":11,"s:54:4:61:Infinity":12,"s:62:4:62:Infinity":13,"b:65:2:65:Infinity:undefined:undefined:undefined:undefined":0,"s:65:2:65:Infinity":14,"s:65:15:65:Infinity":15,"s:67:2:241:Infinity":16,"b:100:12:138:13:138:12:238:Infinity":1,"f:122:18:122:33":4,"s:122:18:122:98":17,"f:148:20:148:31":5,"s:148:37:148:87":18,"f:162:20:162:31":6,"s:162:37:162:88":19,"f:176:18:176:29":7,"s:176:35:176:86":20,"f:187:30:187:35":8,"s:188:20:199:Infinity":21,"f:191:22:191:37":9,"s:191:37:191:80":22,"b:194:28:194:Infinity:195:28:195:Infinity":2,"f:212:18:212:29":10,"s:212:35:212:88":23,"f:223:20:223:31":11,"s:223:37:223:99":24},"fnNames":{}}}
,"/home/admin/Projects/ricgcw_official/src/context/ChurchContext.tsx": {"path":"/home/admin/Projects/ricgcw_official/src/context/ChurchContext.tsx","statementMap":{"0":{"start":{"line":110,"column":28},"end":{"line":110,"column":null}},"1":{"start":{"line":111,"column":28},"end":{"line":111,"column":null}},"2":{"start":{"line":112,"column":26},"end":{"line":112,"column":null}},"3":{"start":{"line":113,"column":32},"end":{"line":113,"column":null}},"4":{"start":{"line":115,"column":50},"end":{"line":124,"column":null}},"5":{"start":{"line":126,"column":41},"end":{"line":149,"column":null}},"6":{"start":{"line":152,"column":6},"end":{"line":152,"column":77}},"7":{"start":{"line":154,"column":13},"end":{"line":446,"column":null}},"8":{"start":{"line":156,"column":21},"end":{"line":165,"column":null}},"9":{"start":{"line":157,"column":4},"end":{"line":163,"column":null}},"10":{"start":{"line":158,"column":20},"end":{"line":158,"column":61}},"11":{"start":{"line":159,"column":6},"end":{"line":161,"column":null}},"12":{"start":{"line":160,"column":23},"end":{"line":160,"column":40}},"13":{"start":{"line":161,"column":8},"end":{"line":161,"column":null}},"14":{"start":{"line":161,"column":31},"end":{"line":161,"column":null}},"15":{"start":{"line":164,"column":4},"end":{"line":164,"column":null}},"16":{"start":{"line":167,"column":19},"end":{"line":176,"column":null}},"17":{"start":{"line":168,"column":4},"end":{"line":174,"column":null}},"18":{"start":{"line":169,"column":20},"end":{"line":169,"column":61}},"19":{"start":{"line":170,"column":6},"end":{"line":172,"column":null}},"20":{"start":{"line":171,"column":23},"end":{"line":171,"column":40}},"21":{"start":{"line":172,"column":8},"end":{"line":172,"column":null}},"22":{"start":{"line":172,"column":29},"end":{"line":172,"column":null}},"23":{"start":{"line":175,"column":4},"end":{"line":175,"column":null}},"24":{"start":{"line":178,"column":17},"end":{"line":187,"column":null}},"25":{"start":{"line":179,"column":4},"end":{"line":185,"column":null}},"26":{"start":{"line":180,"column":20},"end":{"line":180,"column":61}},"27":{"start":{"line":181,"column":6},"end":{"line":183,"column":null}},"28":{"start":{"line":182,"column":23},"end":{"line":182,"column":40}},"29":{"start":{"line":183,"column":8},"end":{"line":183,"column":null}},"30":{"start":{"line":183,"column":27},"end":{"line":183,"column":null}},"31":{"start":{"line":186,"column":4},"end":{"line":186,"column":null}},"32":{"start":{"line":189,"column":21},"end":{"line":198,"column":null}},"33":{"start":{"line":190,"column":4},"end":{"line":196,"column":null}},"34":{"start":{"line":191,"column":20},"end":{"line":191,"column":61}},"35":{"start":{"line":192,"column":6},"end":{"line":194,"column":null}},"36":{"start":{"line":193,"column":23},"end":{"line":193,"column":40}},"37":{"start":{"line":194,"column":8},"end":{"line":194,"column":null}},"38":{"start":{"line":194,"column":31},"end":{"line":194,"column":null}},"39":{"start":{"line":197,"column":4},"end":{"line":197,"column":null}},"40":{"start":{"line":200,"column":19},"end":{"line":209,"column":null}},"41":{"start":{"line":201,"column":4},"end":{"line":207,"column":null}},"42":{"start":{"line":202,"column":20},"end":{"line":202,"column":61}},"43":{"start":{"line":203,"column":6},"end":{"line":205,"column":null}},"44":{"start":{"line":204,"column":23},"end":{"line":204,"column":40}},"45":{"start":{"line":205,"column":8},"end":{"line":205,"column":null}},"46":{"start":{"line":205,"column":29},"end":{"line":205,"column":null}},"47":{"start":{"line":208,"column":4},"end":{"line":208,"column":null}},"48":{"start":{"line":211,"column":27},"end":{"line":220,"column":null}},"49":{"start":{"line":212,"column":4},"end":{"line":218,"column":null}},"50":{"start":{"line":213,"column":20},"end":{"line":213,"column":65}},"51":{"start":{"line":214,"column":6},"end":{"line":216,"column":null}},"52":{"start":{"line":215,"column":23},"end":{"line":215,"column":40}},"53":{"start":{"line":216,"column":8},"end":{"line":216,"column":null}},"54":{"start":{"line":216,"column":26},"end":{"line":216,"column":null}},"55":{"start":{"line":219,"column":4},"end":{"line":219,"column":null}},"56":{"start":{"line":222,"column":30},"end":{"line":231,"column":null}},"57":{"start":{"line":223,"column":4},"end":{"line":229,"column":null}},"58":{"start":{"line":224,"column":20},"end":{"line":224,"column":65}},"59":{"start":{"line":225,"column":6},"end":{"line":227,"column":null}},"60":{"start":{"line":226,"column":23},"end":{"line":226,"column":40}},"61":{"start":{"line":227,"column":8},"end":{"line":227,"column":null}},"62":{"start":{"line":227,"column":29},"end":{"line":227,"column":null}},"63":{"start":{"line":230,"column":4},"end":{"line":230,"column":null}},"64":{"start":{"line":233,"column":15},"end":{"line":242,"column":null}},"65":{"start":{"line":234,"column":4},"end":{"line":240,"column":null}},"66":{"start":{"line":235,"column":20},"end":{"line":235,"column":61}},"67":{"start":{"line":236,"column":6},"end":{"line":238,"column":null}},"68":{"start":{"line":237,"column":23},"end":{"line":237,"column":40}},"69":{"start":{"line":238,"column":8},"end":{"line":238,"column":null}},"70":{"start":{"line":238,"column":25},"end":{"line":238,"column":null}},"71":{"start":{"line":241,"column":4},"end":{"line":241,"column":null}},"72":{"start":{"line":244,"column":9},"end":{"line":244,"column":70}},"73":{"start":{"line":245,"column":9},"end":{"line":245,"column":69}},"74":{"start":{"line":247,"column":24},"end":{"line":253,"column":null}},"75":{"start":{"line":248,"column":4},"end":{"line":251,"column":null}},"76":{"start":{"line":249,"column":20},"end":{"line":249,"column":59}},"77":{"start":{"line":250,"column":6},"end":{"line":250,"column":null}},"78":{"start":{"line":250,"column":17},"end":{"line":250,"column":null}},"79":{"start":{"line":252,"column":4},"end":{"line":252,"column":null}},"80":{"start":{"line":255,"column":25},"end":{"line":261,"column":null}},"81":{"start":{"line":256,"column":4},"end":{"line":259,"column":null}},"82":{"start":{"line":257,"column":20},"end":{"line":257,"column":61}},"83":{"start":{"line":258,"column":6},"end":{"line":258,"column":null}},"84":{"start":{"line":258,"column":17},"end":{"line":258,"column":null}},"85":{"start":{"line":260,"column":4},"end":{"line":260,"column":null}},"86":{"start":{"line":264,"column":2},"end":{"line":271,"column":null}},"87":{"start":{"line":265,"column":4},"end":{"line":270,"column":null}},"88":{"start":{"line":266,"column":6},"end":{"line":269,"column":null}},"89":{"start":{"line":273,"column":2},"end":{"line":277,"column":null}},"90":{"start":{"line":274,"column":4},"end":{"line":276,"column":null}},"91":{"start":{"line":275,"column":6},"end":{"line":275,"column":null}},"92":{"start":{"line":279,"column":2},"end":{"line":283,"column":null}},"93":{"start":{"line":280,"column":4},"end":{"line":282,"column":null}},"94":{"start":{"line":281,"column":6},"end":{"line":281,"column":null}},"95":{"start":{"line":285,"column":2},"end":{"line":292,"column":null}},"96":{"start":{"line":286,"column":4},"end":{"line":291,"column":null}},"97":{"start":{"line":287,"column":6},"end":{"line":290,"column":null}},"98":{"start":{"line":294,"column":8},"end":{"line":300,"column":null}},"99":{"start":{"line":295,"column":4},"end":{"line":300,"column":null}},"100":{"start":{"line":295,"column":45},"end":{"line":300,"column":7}},"101":{"start":{"line":303,"column":8},"end":{"line":307,"column":null}},"102":{"start":{"line":304,"column":4},"end":{"line":307,"column":null}},"103":{"start":{"line":304,"column":45},"end":{"line":307,"column":7}},"104":{"start":{"line":310,"column":8},"end":{"line":311,"column":null}},"105":{"start":{"line":311,"column":4},"end":{"line":311,"column":null}},"106":{"start":{"line":311,"column":58},"end":{"line":311,"column":84}},"107":{"start":{"line":315,"column":8},"end":{"line":315,"column":76}},"108":{"start":{"line":315,"column":52},"end":{"line":315,"column":76}},"109":{"start":{"line":316,"column":8},"end":{"line":319,"column":null}},"110":{"start":{"line":317,"column":4},"end":{"line":319,"column":null}},"111":{"start":{"line":318,"column":6},"end":{"line":318,"column":68}},"112":{"start":{"line":318,"column":23},"end":{"line":318,"column":68}},"113":{"start":{"line":321,"column":8},"end":{"line":321,"column":86}},"114":{"start":{"line":321,"column":43},"end":{"line":321,"column":86}},"115":{"start":{"line":321,"column":65},"end":{"line":321,"column":85}},"116":{"start":{"line":322,"column":8},"end":{"line":322,"column":93}},"117":{"start":{"line":322,"column":39},"end":{"line":322,"column":93}},"118":{"start":{"line":322,"column":61},"end":{"line":322,"column":92}},"119":{"start":{"line":322,"column":80},"end":{"line":322,"column":92}},"120":{"start":{"line":325,"column":8},"end":{"line":325,"column":71}},"121":{"start":{"line":325,"column":51},"end":{"line":325,"column":71}},"122":{"start":{"line":326,"column":8},"end":{"line":326,"column":97}},"123":{"start":{"line":326,"column":44},"end":{"line":326,"column":97}},"124":{"start":{"line":326,"column":77},"end":{"line":326,"column":96}},"125":{"start":{"line":327,"column":8},"end":{"line":327,"column":116}},"126":{"start":{"line":327,"column":38},"end":{"line":327,"column":116}},"127":{"start":{"line":327,"column":71},"end":{"line":327,"column":115}},"128":{"start":{"line":327,"column":102},"end":{"line":327,"column":115}},"129":{"start":{"line":330,"column":8},"end":{"line":330,"column":90}},"130":{"start":{"line":330,"column":62},"end":{"line":330,"column":90}},"131":{"start":{"line":331,"column":8},"end":{"line":331,"column":90}},"132":{"start":{"line":331,"column":48},"end":{"line":331,"column":90}},"133":{"start":{"line":331,"column":72},"end":{"line":331,"column":89}},"134":{"start":{"line":332,"column":8},"end":{"line":332,"column":97}},"135":{"start":{"line":332,"column":41},"end":{"line":332,"column":97}},"136":{"start":{"line":332,"column":65},"end":{"line":332,"column":96}},"137":{"start":{"line":332,"column":84},"end":{"line":332,"column":96}},"138":{"start":{"line":335,"column":8},"end":{"line":335,"column":88}},"139":{"start":{"line":335,"column":64},"end":{"line":335,"column":88}},"140":{"start":{"line":336,"column":8},"end":{"line":339,"column":null}},"141":{"start":{"line":337,"column":4},"end":{"line":339,"column":null}},"142":{"start":{"line":338,"column":6},"end":{"line":338,"column":69}},"143":{"start":{"line":338,"column":23},"end":{"line":338,"column":69}},"144":{"start":{"line":341,"column":8},"end":{"line":341,"column":95}},"145":{"start":{"line":341,"column":54},"end":{"line":341,"column":95}},"146":{"start":{"line":341,"column":76},"end":{"line":341,"column":94}},"147":{"start":{"line":342,"column":8},"end":{"line":342,"column":94}},"148":{"start":{"line":342,"column":40},"end":{"line":342,"column":94}},"149":{"start":{"line":342,"column":62},"end":{"line":342,"column":93}},"150":{"start":{"line":342,"column":81},"end":{"line":342,"column":93}},"151":{"start":{"line":344,"column":8},"end":{"line":344,"column":100}},"152":{"start":{"line":344,"column":66},"end":{"line":344,"column":100}},"153":{"start":{"line":345,"column":8},"end":{"line":348,"column":null}},"154":{"start":{"line":346,"column":4},"end":{"line":348,"column":null}},"155":{"start":{"line":347,"column":6},"end":{"line":347,"column":66}},"156":{"start":{"line":347,"column":23},"end":{"line":347,"column":66}},"157":{"start":{"line":351,"column":8},"end":{"line":352,"column":null}},"158":{"start":{"line":352,"column":4},"end":{"line":352,"column":null}},"159":{"start":{"line":352,"column":64},"end":{"line":352,"column":96}},"160":{"start":{"line":356,"column":8},"end":{"line":356,"column":61}},"161":{"start":{"line":356,"column":45},"end":{"line":356,"column":61}},"162":{"start":{"line":357,"column":8},"end":{"line":357,"column":74}},"163":{"start":{"line":357,"column":38},"end":{"line":357,"column":74}},"164":{"start":{"line":357,"column":56},"end":{"line":357,"column":73}},"165":{"start":{"line":358,"column":8},"end":{"line":358,"column":86}},"166":{"start":{"line":358,"column":36},"end":{"line":358,"column":86}},"167":{"start":{"line":358,"column":54},"end":{"line":358,"column":85}},"168":{"start":{"line":358,"column":73},"end":{"line":358,"column":85}},"169":{"start":{"line":361,"column":8},"end":{"line":369,"column":null}},"170":{"start":{"line":362,"column":32},"end":{"line":367,"column":null}},"171":{"start":{"line":368,"column":4},"end":{"line":368,"column":null}},"172":{"start":{"line":368,"column":46},"end":{"line":368,"column":64}},"173":{"start":{"line":369,"column":4},"end":{"line":369,"column":null}},"174":{"start":{"line":372,"column":8},"end":{"line":377,"column":null}},"175":{"start":{"line":373,"column":4},"end":{"line":377,"column":null}},"176":{"start":{"line":374,"column":6},"end":{"line":375,"column":null}},"177":{"start":{"line":375,"column":8},"end":{"line":375,"column":null}},"178":{"start":{"line":380,"column":8},"end":{"line":381,"column":null}},"179":{"start":{"line":381,"column":4},"end":{"line":381,"column":null}},"180":{"start":{"line":381,"column":46},"end":{"line":381,"column":79}},"181":{"start":{"line":381,"column":66},"end":{"line":381,"column":79}},"182":{"start":{"line":384,"column":8},"end":{"line":398,"column":null}},"183":{"start":{"line":385,"column":4},"end":{"line":385,"column":null}},"184":{"start":{"line":386,"column":4},"end":{"line":386,"column":null}},"185":{"start":{"line":387,"column":4},"end":{"line":387,"column":null}},"186":{"start":{"line":388,"column":4},"end":{"line":388,"column":null}},"187":{"start":{"line":389,"column":4},"end":{"line":389,"column":null}},"188":{"start":{"line":390,"column":4},"end":{"line":390,"column":null}},"189":{"start":{"line":391,"column":4},"end":{"line":391,"column":null}},"190":{"start":{"line":392,"column":4},"end":{"line":392,"column":null}},"191":{"start":{"line":393,"column":4},"end":{"line":393,"column":null}},"192":{"start":{"line":394,"column":4},"end":{"line":394,"column":null}},"193":{"start":{"line":395,"column":4},"end":{"line":395,"column":null}},"194":{"start":{"line":396,"column":4},"end":{"line":396,"column":null}},"195":{"start":{"line":397,"column":4},"end":{"line":397,"column":null}},"196":{"start":{"line":398,"column":4},"end":{"line":398,"column":null}},"197":{"start":{"line":401,"column":2},"end":{"line":446,"column":null}},"198":{"start":{"line":450,"column":13},"end":{"line":455,"column":null}},"199":{"start":{"line":451,"column":8},"end":{"line":451,"column":43}},"200":{"start":{"line":452,"column":2},"end":{"line":453,"column":null}},"201":{"start":{"line":453,"column":4},"end":{"line":453,"column":null}},"202":{"start":{"line":455,"column":2},"end":{"line":455,"column":null}}},"fnMap":{"0":{"name":"(anonymous_0)","decl":{"start":{"line":154,"column":13},"end":{"line":154,"column":72}},"loc":{"start":{"line":154,"column":89},"end":{"line":446,"column":null}},"line":154},"1":{"name":"(anonymous_1)","decl":{"start":{"line":156,"column":38},"end":{"line":156,"column":69}},"loc":{"start":{"line":156,"column":69},"end":{"line":165,"column":null}},"line":156},"2":{"name":"(anonymous_2)","decl":{"start":{"line":167,"column":34},"end":{"line":167,"column":59}},"loc":{"start":{"line":167,"column":59},"end":{"line":176,"column":null}},"line":167},"3":{"name":"(anonymous_3)","decl":{"start":{"line":178,"column":30},"end":{"line":178,"column":58}},"loc":{"start":{"line":178,"column":58},"end":{"line":187,"column":null}},"line":178},"4":{"name":"(anonymous_4)","decl":{"start":{"line":189,"column":38},"end":{"line":189,"column":69}},"loc":{"start":{"line":189,"column":69},"end":{"line":198,"column":null}},"line":189},"5":{"name":"(anonymous_5)","decl":{"start":{"line":200,"column":34},"end":{"line":200,"column":71}},"loc":{"start":{"line":200,"column":71},"end":{"line":209,"column":null}},"line":200},"6":{"name":"(anonymous_6)","decl":{"start":{"line":211,"column":55},"end":{"line":211,"column":89}},"loc":{"start":{"line":211,"column":89},"end":{"line":220,"column":null}},"line":211},"7":{"name":"(anonymous_7)","decl":{"start":{"line":222,"column":61},"end":{"line":222,"column":97}},"loc":{"start":{"line":222,"column":97},"end":{"line":231,"column":null}},"line":222},"8":{"name":"(anonymous_8)","decl":{"start":{"line":233,"column":26},"end":{"line":233,"column":52}},"loc":{"start":{"line":233,"column":52},"end":{"line":242,"column":null}},"line":233},"9":{"name":"(anonymous_9)","decl":{"start":{"line":247,"column":49},"end":{"line":247,"column":85}},"loc":{"start":{"line":247,"column":85},"end":{"line":253,"column":null}},"line":247},"10":{"name":"(anonymous_10)","decl":{"start":{"line":255,"column":46},"end":{"line":255,"column":75}},"loc":{"start":{"line":255,"column":75},"end":{"line":261,"column":null}},"line":255},"11":{"name":"(anonymous_11)","decl":{"start":{"line":264,"column":2},"end":{"line":264,"column":18}},"loc":{"start":{"line":264,"column":18},"end":{"line":271,"column":6}},"line":264},"12":{"name":"(anonymous_12)","decl":{"start":{"line":273,"column":2},"end":{"line":273,"column":18}},"loc":{"start":{"line":273,"column":18},"end":{"line":277,"column":6}},"line":273},"13":{"name":"(anonymous_13)","decl":{"start":{"line":279,"column":2},"end":{"line":279,"column":18}},"loc":{"start":{"line":279,"column":18},"end":{"line":283,"column":6}},"line":279},"14":{"name":"(anonymous_14)","decl":{"start":{"line":285,"column":2},"end":{"line":285,"column":18}},"loc":{"start":{"line":285,"column":18},"end":{"line":292,"column":6}},"line":285},"15":{"name":"(anonymous_15)","decl":{"start":{"line":294,"column":8},"end":{"line":294,"column":28}},"loc":{"start":{"line":294,"column":62},"end":{"line":300,"column":null}},"line":294},"16":{"name":"(anonymous_16)","decl":{"start":{"line":295,"column":4},"end":{"line":295,"column":19}},"loc":{"start":{"line":295,"column":45},"end":{"line":300,"column":7}},"line":295},"17":{"name":"(anonymous_17)","decl":{"start":{"line":303,"column":8},"end":{"line":303,"column":30}},"loc":{"start":{"line":303,"column":64},"end":{"line":307,"column":null}},"line":303},"18":{"name":"(anonymous_18)","decl":{"start":{"line":304,"column":4},"end":{"line":304,"column":19}},"loc":{"start":{"line":304,"column":45},"end":{"line":307,"column":7}},"line":304},"19":{"name":"(anonymous_19)","decl":{"start":{"line":310,"column":8},"end":{"line":310,"column":31}},"loc":{"start":{"line":310,"column":74},"end":{"line":311,"column":null}},"line":310},"20":{"name":"(anonymous_20)","decl":{"start":{"line":311,"column":4},"end":{"line":311,"column":27}},"loc":{"start":{"line":311,"column":58},"end":{"line":311,"column":84}},"line":311},"21":{"name":"(anonymous_21)","decl":{"start":{"line":315,"column":8},"end":{"line":315,"column":26}},"loc":{"start":{"line":315,"column":52},"end":{"line":315,"column":76}},"line":315},"22":{"name":"(anonymous_22)","decl":{"start":{"line":316,"column":8},"end":{"line":316,"column":24}},"loc":{"start":{"line":316,"column":70},"end":{"line":319,"column":null}},"line":316},"23":{"name":"(anonymous_23)","decl":{"start":{"line":317,"column":4},"end":{"line":317,"column":17}},"loc":{"start":{"line":318,"column":6},"end":{"line":318,"column":68}},"line":318},"24":{"name":"(anonymous_24)","decl":{"start":{"line":318,"column":11},"end":{"line":318,"column":16}},"loc":{"start":{"line":318,"column":23},"end":{"line":318,"column":68}},"line":318},"25":{"name":"(anonymous_25)","decl":{"start":{"line":321,"column":8},"end":{"line":321,"column":21}},"loc":{"start":{"line":321,"column":43},"end":{"line":321,"column":86}},"line":321},"26":{"name":"(anonymous_26)","decl":{"start":{"line":321,"column":43},"end":{"line":321,"column":56}},"loc":{"start":{"line":321,"column":65},"end":{"line":321,"column":85}},"line":321},"27":{"name":"(anonymous_27)","decl":{"start":{"line":322,"column":8},"end":{"line":322,"column":24}},"loc":{"start":{"line":322,"column":39},"end":{"line":322,"column":93}},"line":322},"28":{"name":"(anonymous_28)","decl":{"start":{"line":322,"column":39},"end":{"line":322,"column":52}},"loc":{"start":{"line":322,"column":61},"end":{"line":322,"column":92}},"line":322},"29":{"name":"(anonymous_29)","decl":{"start":{"line":322,"column":66},"end":{"line":322,"column":74}},"loc":{"start":{"line":322,"column":80},"end":{"line":322,"column":92}},"line":322},"30":{"name":"(anonymous_30)","decl":{"start":{"line":325,"column":8},"end":{"line":325,"column":24}},"loc":{"start":{"line":325,"column":51},"end":{"line":325,"column":71}},"line":325},"31":{"name":"(anonymous_31)","decl":{"start":{"line":326,"column":8},"end":{"line":326,"column":20}},"loc":{"start":{"line":326,"column":44},"end":{"line":326,"column":97}},"line":326},"32":{"name":"(anonymous_32)","decl":{"start":{"line":326,"column":44},"end":{"line":326,"column":55}},"loc":{"start":{"line":326,"column":77},"end":{"line":326,"column":96}},"line":326},"33":{"name":"(anonymous_33)","decl":{"start":{"line":327,"column":8},"end":{"line":327,"column":23}},"loc":{"start":{"line":327,"column":38},"end":{"line":327,"column":116}},"line":327},"34":{"name":"(anonymous_34)","decl":{"start":{"line":327,"column":38},"end":{"line":327,"column":49}},"loc":{"start":{"line":327,"column":71},"end":{"line":327,"column":115}},"line":327},"35":{"name":"(anonymous_35)","decl":{"start":{"line":327,"column":76},"end":{"line":327,"column":84}},"loc":{"start":{"line":327,"column":102},"end":{"line":327,"column":115}},"line":327},"36":{"name":"(anonymous_36)","decl":{"start":{"line":330,"column":8},"end":{"line":330,"column":28}},"loc":{"start":{"line":330,"column":62},"end":{"line":330,"column":90}},"line":330},"37":{"name":"(anonymous_37)","decl":{"start":{"line":331,"column":8},"end":{"line":331,"column":23}},"loc":{"start":{"line":331,"column":48},"end":{"line":331,"column":90}},"line":331},"38":{"name":"(anonymous_38)","decl":{"start":{"line":331,"column":48},"end":{"line":331,"column":63}},"loc":{"start":{"line":331,"column":72},"end":{"line":331,"column":89}},"line":331},"39":{"name":"(anonymous_39)","decl":{"start":{"line":332,"column":8},"end":{"line":332,"column":26}},"loc":{"start":{"line":332,"column":41},"end":{"line":332,"column":97}},"line":332},"40":{"name":"(anonymous_40)","decl":{"start":{"line":332,"column":41},"end":{"line":332,"column":56}},"loc":{"start":{"line":332,"column":65},"end":{"line":332,"column":96}},"line":332},"41":{"name":"(anonymous_41)","decl":{"start":{"line":332,"column":70},"end":{"line":332,"column":78}},"loc":{"start":{"line":332,"column":84},"end":{"line":332,"column":96}},"line":332},"42":{"name":"(anonymous_42)","decl":{"start":{"line":335,"column":8},"end":{"line":335,"column":26}},"loc":{"start":{"line":335,"column":64},"end":{"line":335,"column":88}},"line":335},"43":{"name":"(anonymous_43)","decl":{"start":{"line":336,"column":8},"end":{"line":336,"column":25}},"loc":{"start":{"line":336,"column":84},"end":{"line":339,"column":null}},"line":336},"44":{"name":"(anonymous_44)","decl":{"start":{"line":337,"column":4},"end":{"line":337,"column":17}},"loc":{"start":{"line":338,"column":6},"end":{"line":338,"column":69}},"line":338},"45":{"name":"(anonymous_45)","decl":{"start":{"line":338,"column":11},"end":{"line":338,"column":16}},"loc":{"start":{"line":338,"column":23},"end":{"line":338,"column":69}},"line":338},"46":{"name":"(anonymous_46)","decl":{"start":{"line":341,"column":8},"end":{"line":341,"column":22}},"loc":{"start":{"line":341,"column":54},"end":{"line":341,"column":95}},"line":341},"47":{"name":"(anonymous_47)","decl":{"start":{"line":341,"column":54},"end":{"line":341,"column":67}},"loc":{"start":{"line":341,"column":76},"end":{"line":341,"column":94}},"line":341},"48":{"name":"(anonymous_48)","decl":{"start":{"line":342,"column":8},"end":{"line":342,"column":25}},"loc":{"start":{"line":342,"column":40},"end":{"line":342,"column":94}},"line":342},"49":{"name":"(anonymous_49)","decl":{"start":{"line":342,"column":40},"end":{"line":342,"column":53}},"loc":{"start":{"line":342,"column":62},"end":{"line":342,"column":93}},"line":342},"50":{"name":"(anonymous_50)","decl":{"start":{"line":342,"column":67},"end":{"line":342,"column":75}},"loc":{"start":{"line":342,"column":81},"end":{"line":342,"column":93}},"line":342},"51":{"name":"(anonymous_51)","decl":{"start":{"line":344,"column":8},"end":{"line":344,"column":34}},"loc":{"start":{"line":344,"column":66},"end":{"line":344,"column":100}},"line":344},"52":{"name":"(anonymous_52)","decl":{"start":{"line":345,"column":8},"end":{"line":345,"column":33}},"loc":{"start":{"line":345,"column":86},"end":{"line":348,"column":null}},"line":345},"53":{"name":"(anonymous_53)","decl":{"start":{"line":346,"column":4},"end":{"line":346,"column":30}},"loc":{"start":{"line":347,"column":6},"end":{"line":347,"column":66}},"line":347},"54":{"name":"(anonymous_54)","decl":{"start":{"line":347,"column":11},"end":{"line":347,"column":16}},"loc":{"start":{"line":347,"column":23},"end":{"line":347,"column":66}},"line":347},"55":{"name":"(anonymous_55)","decl":{"start":{"line":351,"column":8},"end":{"line":351,"column":37}},"loc":{"start":{"line":351,"column":86},"end":{"line":352,"column":null}},"line":351},"56":{"name":"(anonymous_56)","decl":{"start":{"line":352,"column":4},"end":{"line":352,"column":33}},"loc":{"start":{"line":352,"column":64},"end":{"line":352,"column":96}},"line":352},"57":{"name":"(anonymous_57)","decl":{"start":{"line":356,"column":8},"end":{"line":356,"column":22}},"loc":{"start":{"line":356,"column":45},"end":{"line":356,"column":61}},"line":356},"58":{"name":"(anonymous_58)","decl":{"start":{"line":357,"column":8},"end":{"line":357,"column":18}},"loc":{"start":{"line":357,"column":38},"end":{"line":357,"column":74}},"line":357},"59":{"name":"(anonymous_59)","decl":{"start":{"line":357,"column":38},"end":{"line":357,"column":47}},"loc":{"start":{"line":357,"column":56},"end":{"line":357,"column":73}},"line":357},"60":{"name":"(anonymous_60)","decl":{"start":{"line":358,"column":8},"end":{"line":358,"column":21}},"loc":{"start":{"line":358,"column":36},"end":{"line":358,"column":86}},"line":358},"61":{"name":"(anonymous_61)","decl":{"start":{"line":358,"column":36},"end":{"line":358,"column":45}},"loc":{"start":{"line":358,"column":54},"end":{"line":358,"column":85}},"line":358},"62":{"name":"(anonymous_62)","decl":{"start":{"line":358,"column":59},"end":{"line":358,"column":67}},"loc":{"start":{"line":358,"column":73},"end":{"line":358,"column":85}},"line":358},"63":{"name":"(anonymous_63)","decl":{"start":{"line":361,"column":8},"end":{"line":361,"column":28}},"loc":{"start":{"line":361,"column":85},"end":{"line":369,"column":null}},"line":361},"64":{"name":"(anonymous_64)","decl":{"start":{"line":368,"column":4},"end":{"line":368,"column":23}},"loc":{"start":{"line":368,"column":46},"end":{"line":368,"column":64}},"line":368},"65":{"name":"(anonymous_65)","decl":{"start":{"line":372,"column":8},"end":{"line":372,"column":30}},"loc":{"start":{"line":372,"column":91},"end":{"line":377,"column":null}},"line":372},"66":{"name":"(anonymous_66)","decl":{"start":{"line":373,"column":4},"end":{"line":373,"column":23}},"loc":{"start":{"line":374,"column":6},"end":{"line":375,"column":null}},"line":374},"67":{"name":"(anonymous_67)","decl":{"start":{"line":374,"column":11},"end":{"line":374,"column":16}},"loc":{"start":{"line":375,"column":8},"end":{"line":375,"column":null}},"line":375},"68":{"name":"(anonymous_68)","decl":{"start":{"line":380,"column":8},"end":{"line":380,"column":31}},"loc":{"start":{"line":380,"column":46},"end":{"line":381,"column":null}},"line":380},"69":{"name":"(anonymous_69)","decl":{"start":{"line":381,"column":4},"end":{"line":381,"column":23}},"loc":{"start":{"line":381,"column":46},"end":{"line":381,"column":79}},"line":381},"70":{"name":"(anonymous_70)","decl":{"start":{"line":381,"column":51},"end":{"line":381,"column":59}},"loc":{"start":{"line":381,"column":66},"end":{"line":381,"column":79}},"line":381},"71":{"name":"(anonymous_71)","decl":{"start":{"line":384,"column":8},"end":{"line":384,"column":32}},"loc":{"start":{"line":384,"column":32},"end":{"line":398,"column":null}},"line":384},"72":{"name":"(anonymous_72)","decl":{"start":{"line":450,"column":13},"end":{"line":450,"column":31}},"loc":{"start":{"line":450,"column":31},"end":{"line":455,"column":null}},"line":450}},"branchMap":{"0":{"loc":{"start":{"line":159,"column":6},"end":{"line":161,"column":null}},"type":"if","locations":[{"start":{"line":159,"column":6},"end":{"line":161,"column":null}},{"start":{},"end":{}}],"line":159},"1":{"loc":{"start":{"line":161,"column":8},"end":{"line":161,"column":null}},"type":"if","locations":[{"start":{"line":161,"column":8},"end":{"line":161,"column":null}},{"start":{},"end":{}}],"line":161},"2":{"loc":{"start":{"line":170,"column":6},"end":{"line":172,"column":null}},"type":"if","locations":[{"start":{"line":170,"column":6},"end":{"line":172,"column":null}},{"start":{},"end":{}}],"line":170},"3":{"loc":{"start":{"line":172,"column":8},"end":{"line":172,"column":null}},"type":"if","locations":[{"start":{"line":172,"column":8},"end":{"line":172,"column":null}},{"start":{},"end":{}}],"line":172},"4":{"loc":{"start":{"line":181,"column":6},"end":{"line":183,"column":null}},"type":"if","locations":[{"start":{"line":181,"column":6},"end":{"line":183,"column":null}},{"start":{},"end":{}}],"line":181},"5":{"loc":{"start":{"line":183,"column":8},"end":{"line":183,"column":null}},"type":"if","locations":[{"start":{"line":183,"column":8},"end":{"line":183,"column":null}},{"start":{},"end":{}}],"line":183},"6":{"loc":{"start":{"line":192,"column":6},"end":{"line":194,"column":null}},"type":"if","locations":[{"start":{"line":192,"column":6},"end":{"line":194,"column":null}},{"start":{},"end":{}}],"line":192},"7":{"loc":{"start":{"line":194,"column":8},"end":{"line":194,"column":null}},"type":"if","locations":[{"start":{"line":194,"column":8},"end":{"line":194,"column":null}},{"start":{},"end":{}}],"line":194},"8":{"loc":{"start":{"line":203,"column":6},"end":{"line":205,"column":null}},"type":"if","locations":[{"start":{"line":203,"column":6},"end":{"line":205,"column":null}},{"start":{},"end":{}}],"line":203},"9":{"loc":{"start":{"line":205,"column":8},"end":{"line":205,"column":null}},"type":"if","locations":[{"start":{"line":205,"column":8},"end":{"line":205,"column":null}},{"start":{},"end":{}}],"line":205},"10":{"loc":{"start":{"line":214,"column":6},"end":{"line":216,"column":null}},"type":"if","locations":[{"start":{"line":214,"column":6},"end":{"line":216,"column":null}},{"start":{},"end":{}}],"line":214},"11":{"loc":{"start":{"line":216,"column":8},"end":{"line":216,"column":null}},"type":"if","locations":[{"start":{"line":216,"column":8},"end":{"line":216,"column":null}},{"start":{},"end":{}}],"line":216},"12":{"loc":{"start":{"line":225,"column":6},"end":{"line":227,"column":null}},"type":"if","locations":[{"start":{"line":225,"column":6},"end":{"line":227,"column":null}},{"start":{},"end":{}}],"line":225},"13":{"loc":{"start":{"line":227,"column":8},"end":{"line":227,"column":null}},"type":"if","locations":[{"start":{"line":227,"column":8},"end":{"line":227,"column":null}},{"start":{},"end":{}}],"line":227},"14":{"loc":{"start":{"line":236,"column":6},"end":{"line":238,"column":null}},"type":"if","locations":[{"start":{"line":236,"column":6},"end":{"line":238,"column":null}},{"start":{},"end":{}}],"line":236},"15":{"loc":{"start":{"line":238,"column":8},"end":{"line":238,"column":null}},"type":"if","locations":[{"start":{"line":238,"column":8},"end":{"line":238,"column":null}},{"start":{},"end":{}}],"line":238},"16":{"loc":{"start":{"line":250,"column":6},"end":{"line":250,"column":null}},"type":"if","locations":[{"start":{"line":250,"column":6},"end":{"line":250,"column":null}},{"start":{},"end":{}}],"line":250},"17":{"loc":{"start":{"line":258,"column":6},"end":{"line":258,"column":null}},"type":"if","locations":[{"start":{"line":258,"column":6},"end":{"line":258,"column":null}},{"start":{},"end":{}}],"line":258},"18":{"loc":{"start":{"line":298,"column":38},"end":{"line":298,"column":59}},"type":"binary-expr","locations":[{"start":{"line":298,"column":38},"end":{"line":298,"column":54}},{"start":{"line":298,"colum
[...]
oc":{"start":{"line":76,"column":100},"end":{"line":90,"column":null}},"line":76},"5":{"name":"(anonymous_5)","decl":{"start":{"line":94,"column":13},"end":{"line":94,"column":30}},"loc":{"start":{"line":94,"column":60},"end":{"line":100,"column":null}},"line":94},"6":{"name":"(anonymous_6)","decl":{"start":{"line":103,"column":13},"end":{"line":103,"column":59}},"loc":{"start":{"line":103,"column":59},"end":{"line":159,"column":null}},"line":103},"7":{"name":"(anonymous_7)","decl":{"start":{"line":115,"column":9},"end":{"line":115,"column":18}},"loc":{"start":{"line":115,"column":25},"end":{"line":127,"column":null}},"line":115},"8":{"name":"(anonymous_8)","decl":{"start":{"line":137,"column":52},"end":{"line":137,"column":57}},"loc":{"start":{"line":137,"column":75},"end":{"line":141,"column":5}},"line":137},"9":{"name":"(anonymous_9)","decl":{"start":{"line":162,"column":13},"end":{"line":162,"column":40}},"loc":{"start":{"line":162,"column":40},"end":{"line":163,"column":null}},"line":162}},"branchMap":{"0":{"loc":{"start":{"line":29,"column":2},"end":{"line":29,"column":null}},"type":"if","locations":[{"start":{"line":29,"column":2},"end":{"line":29,"column":null}},{"start":{},"end":{}}],"line":29},"1":{"loc":{"start":{"line":31,"column":2},"end":{"line":31,"column":null}},"type":"if","locations":[{"start":{"line":31,"column":2},"end":{"line":31,"column":null}},{"start":{},"end":{}}],"line":31},"2":{"loc":{"start":{"line":32,"column":2},"end":{"line":32,"column":null}},"type":"if","locations":[{"start":{"line":32,"column":2},"end":{"line":32,"column":null}},{"start":{},"end":{}}],"line":32},"3":{"loc":{"start":{"line":39,"column":4},"end":{"line":39,"column":null}},"type":"if","locations":[{"start":{"line":39,"column":4},"end":{"line":39,"column":null}},{"start":{},"end":{}}],"line":39},"4":{"loc":{"start":{"line":59,"column":2},"end":{"line":59,"column":null}},"type":"if","locations":[{"start":{"line":59,"column":2},"end":{"line":59,"column":null}},{"start":{},"end":{}}],"line":59},"5":{"loc":{"start":{"line":94,"column":30},"end":{"line":94,"column":60}},"type":"default-arg","locations":[{"start":{"line":94,"column":49},"end":{"line":94,"column":60}}],"line":94},"6":{"loc":{"start":{"line":96,"column":2},"end":{"line":98,"column":null}},"type":"if","locations":[{"start":{"line":96,"column":2},"end":{"line":98,"column":null}},{"start":{},"end":{}}],"line":96},"7":{"loc":{"start":{"line":116,"column":4},"end":{"line":117,"column":null}},"type":"if","locations":[{"start":{"line":116,"column":4},"end":{"line":117,"column":null}},{"start":{},"end":{}}],"line":116},"8":{"loc":{"start":{"line":117,"column":33},"end":{"line":117,"column":65}},"type":"binary-expr","locations":[{"start":{"line":117,"column":33},"end":{"line":117,"column":60}},{"start":{"line":117,"column":60},"end":{"line":117,"column":65}}],"line":117},"9":{"loc":{"start":{"line":120,"column":4},"end":{"line":120,"column":null}},"type":"if","locations":[{"start":{"line":120,"column":4},"end":{"line":120,"column":null}},{"start":{},"end":{}}],"line":120},"10":{"loc":{"start":{"line":121,"column":4},"end":{"line":121,"column":null}},"type":"if","locations":[{"start":{"line":121,"column":4},"end":{"line":121,"column":null}},{"start":{},"end":{}}],"line":121},"11":{"loc":{"start":{"line":121,"column":8},"end":{"line":121,"column":84}},"type":"binary-expr","locations":[{"start":{"line":121,"column":8},"end":{"line":121,"column":42}},{"start":{"line":121,"column":42},"end":{"line":121,"column":84}}],"line":121},"12":{"loc":{"start":{"line":122,"column":4},"end":{"line":122,"column":null}},"type":"if","locations":[{"start":{"line":122,"column":4},"end":{"line":122,"column":null}},{"start":{},"end":{}}],"line":122},"13":{"loc":{"start":{"line":122,"column":8},"end":{"line":122,"column":74}},"type":"binary-expr","locations":[{"start":{"line":122,"column":8},"end":{"line":122,"column":37}},{"start":{"line":122,"column":37},"end":{"line":122,"column":74}}],"line":122},"14":{"loc":{"start":{"line":123,"column":4},"end":{"line":123,"column":null}},"type":"if","locations":[{"start":{"line":123,"column":4},"end":{"line":123,"column":null}},{"start":{},"end":{}}],"line":123},"15":{"loc":{"start":{"line":124,"column":4},"end":{"line":124,"column":null}},"type":"if","locations":[{"start":{"line":124,"column":4},"end":{"line":124,"column":null}},{"start":{},"end":{}}],"line":124},"16":{"loc":{"start":{"line":125,"column":4},"end":{"line":125,"column":null}},"type":"if","locations":[{"start":{"line":125,"column":4},"end":{"line":125,"column":null}},{"start":{},"end":{}}],"line":125},"17":{"loc":{"start":{"line":126,"column":4},"end":{"line":126,"column":null}},"type":"if","locations":[{"start":{"line":126,"column":4},"end":{"line":126,"column":null}},{"start":{},"end":{}}],"line":126}},"s":{"0":3,"1":3,"2":3,"3":9,"4":0,"5":9,"6":9,"7":0,"8":9,"9":0,"10":9,"11":3,"12":28,"13":28,"14":28,"15":7,"16":21,"17":0,"18":3,"19":12,"20":12,"21":12,"22":3,"23":19,"24":19,"25":16,"26":3,"27":3,"28":3,"29":3,"30":9,"31":9,"32":9,"33":9,"34":9,"35":0,"36":3,"37":4,"38":4,"39":4,"40":4,"41":3,"42":19,"43":19,"44":19,"45":19,"46":19,"47":19,"48":19,"49":19,"50":19,"51":19,"52":152,"53":152,"54":152,"55":38,"56":152,"57":19,"58":152,"59":19,"60":152,"61":19,"62":152,"63":19,"64":152,"65":19,"66":152,"67":19,"68":19,"69":19,"70":19,"71":133,"72":133,"73":133,"74":19,"75":133,"76":19,"77":3,"78":0},"f":{"0":9,"1":28,"2":12,"3":19,"4":9,"5":4,"6":19,"7":152,"8":133,"9":0},"b":{"0":[0,9],"1":[0,9],"2":[0,9],"3":[7,21],"4":[16,3],"5":[4],"6":[4,0],"7":[152,0],"8":[152,38],"9":[38,114],"10":[19,133],"11":[152,133],"12":[19,133],"13":[152,133],"14":[19,133],"15":[19,133],"16":[19,133],"17":[19,133]},"meta":{"lastBranch":18,"lastFunction":10,"lastStatement":79,"seen":{"s:25:20:25:Infinity":0,"s:26:23:26:Infinity":1,"s:28:6:33:Infinity":2,"f:28:6:28:61":0,"b:29:2:29:Infinity:undefined:undefined:undefined:undefined":0,"s:29:2:29:Infinity":3,"s:29:37:29:Infinity":4,"s:30:16:30:Infinity":5,"b:31:2:31:Infinity:undefined:undefined:undefined:undefined":1,"s:31:2:31:Infinity":6,"s:31:19:31:Infinity":7,"b:32:2:32:Infinity:undefined:undefined:undefined:undefined":2,"s:32:2:32:Infinity":8,"s:32:20:32:Infinity":9,"s:33:2:33:Infinity":10,"s:36:6:42:Infinity":11,"f:36:6:36:48":1,"s:37:2:42:Infinity":12,"s:38:16:38:49":13,"b:39:4:39:Infinity:undefined:undefined:undefined:undefined":3,"s:39:4:39:Infinity":14,"s:39:14:39:Infinity":15,"s:40:4:40:Infinity":16,"s:42:4:42:Infinity":17,"s:46:6:51:Infinity":18,"f:46:6:46:20":2,"s:47:2:51:Infinity":19,"s:49:20:49:38":20,"s:50:4:50:Infinity":21,"s:57:6:73:Infinity":22,"f:57:6:57:53":3,"s:58:19:58:36":23,"b:59:2:59:Infinity:undefined:undefined:undefined:undefined":4,"s:59:2:59:Infinity":24,"s:59:27:59:Infinity":25,"s:61:40:70:Infinity":26,"s:72:2:72:Infinity":27,"s:73:2:73:Infinity":28,"s:76:13:90:Infinity":29,"f:76:13:76:27":4,"s:77:2:90:Infinity":30,"s:78:19:78:36":31,"s:79:37:86:Infinity":32,"s:87:4:87:Infinity":33,"s:88:4:88:Infinity":34,"s:90:4:90:Infinity":35,"s:94:13:100:Infinity":36,"f:94:13:94:30":5,"b:94:49:94:60":5,"b:96:2:98:Infinity:undefined:undefined:undefined:undefined":6,"s:96:2:98:Infinity":37,"s:97:4:97:Infinity":38,"s:98:4:98:Infinity":39,"s:100:2:100:Infinity":40,"s:103:13:159:Infinity":41,"f:103:13:103:59":6,"s:104:17:104:39":42,"s:106:28:106:Infinity":43,"s:107:26:107:Infinity":44,"s:108:28:108:Infinity":45,"s:109:24:109:Infinity":46,"s:110:30:110:Infinity":47,"s:111:25:111:Infinity":48,"s:112:18:112:Infinity":49,"s:113:23:113:Infinity":50,"s:115:2:127:Infinity":51,"f:115:9:115:18":7,"b:116:4:117:Infinity:undefined:undefined:undefined:undefined":7,"s:116:4:117:Infinity":52,"s:117:6:117:Infinity":53,"b:117:33:117:60:117:60:117:65":8,"b:120:4:120:Infinity:undefined:undefined:undefined:undefined":9,"s:120:4:120:Infinity":54,"s:120:35:120:Infinity":55,"b:121:4:121:Infinity:undefined:undefined:undefined:undefined":10,"s:121:4:121:Infinity":56,"b:121:8:121:42:121:42:121:84":11,"s:121:84:121:Infinity":57,"b:122:4:122:Infinity:undefined:undefined:undefined:undefined":12,"s:122:4:122:Infinity":58,"b:122:8:122:37:122:37:122:74":13,"s:122:74:122:Infinity":59,"b:123:4:123:Infinity:undefined:undefined:undefined:undefined":14,"s:123:4:123:Infinity":60,"s:123:39:123:Infinity":61,"b:124:4:124:Infinity:undefined:undefined:undefined:undefined":15,"s:124:4:124:Infinity":62,"s:124:38:124:Infinity":63,"b:125:4:125:Infinity:undefined:undefined:undefined:undefined":16,"s:125:4:125:Infinity":64,"s:125:43:125:Infinity":65,"b:126:4:126:Infinity:undefined:undefined:undefined:undefined":17,"s:126:4:126:Infinity":66,"s:126:38:126:Infinity":67,"s:130:19:130:73":68,"s:131:2:134:Infinity":69,"s:131:15:131:18":70,"s:132:14:132:49":71,"s:133:16:133:81":72,"s:134:4:134:Infinity":73,"s:137:21:141:5":74,"f:137:52:137:57":8,"s:137:75:141:5":75,"s:143:2:159:Infinity":76,"s:162:13:163:Infinity":77,"f:162:13:162:40":9,"s:163:2:163:Infinity":78},"fnNames":{}}}
,"/home/admin/Projects/ricgcw_official/src/utils/sponsorshipUtils.ts": {"path":"/home/admin/Projects/ricgcw_official/src/utils/sponsorshipUtils.ts","statementMap":{"0":{"start":{"line":7,"column":2},"end":{"line":8,"column":null}},"1":{"start":{"line":8,"column":4},"end":{"line":8,"column":null}},"2":{"start":{"line":10,"column":2},"end":{"line":11,"column":null}},"3":{"start":{"line":11,"column":4},"end":{"line":11,"column":null}},"4":{"start":{"line":14,"column":18},"end":{"line":14,"column":45}},"5":{"start":{"line":15,"column":17},"end":{"line":15,"column":36}},"6":{"start":{"line":16,"column":2},"end":{"line":16,"column":null}},"7":{"start":{"line":23,"column":20},"end":{"line":23,"column":39}},"8":{"start":{"line":24,"column":20},"end":{"line":24,"column":39}},"9":{"start":{"line":26,"column":2},"end":{"line":26,"column":null}},"10":{"start":{"line":26,"column":22},"end":{"line":26,"column":null}},"11":{"start":{"line":27,"column":18},"end":{"line":27,"column":59}},"12":{"start":{"line":28,"column":2},"end":{"line":28,"column":null}},"13":{"start":{"line":35,"column":2},"end":{"line":38,"column":null}},"14":{"start":{"line":36,"column":20},"end":{"line":36,"column":33}},"15":{"start":{"line":37,"column":4},"end":{"line":38,"column":null}},"16":{"start":{"line":38,"column":6},"end":{"line":38,"column":null}},"17":{"start":{"line":41,"column":18},"end":{"line":41,"column":37}},"18":{"start":{"line":42,"column":2},"end":{"line":42,"column":null}},"19":{"start":{"line":49,"column":41},"end":{"line":49,"column":43}},"20":{"start":{"line":51,"column":2},"end":{"line":52,"column":null}},"21":{"start":{"line":52,"column":4},"end":{"line":52,"column":null}},"22":{"start":{"line":54,"column":2},"end":{"line":55,"column":null}},"23":{"start":{"line":55,"column":4},"end":{"line":55,"column":null}},"24":{"start":{"line":57,"column":2},"end":{"line":58,"column":null}},"25":{"start":{"line":58,"column":4},"end":{"line":58,"column":null}},"26":{"start":{"line":60,"column":2},"end":{"line":61,"column":null}},"27":{"start":{"line":61,"column":4},"end":{"line":61,"column":null}},"28":{"start":{"line":64,"column":2},"end":{"line":67,"column":null}},"29":{"start":{"line":74,"column":17},"end":{"line":74,"column":44}},"30":{"start":{"line":75,"column":17},"end":{"line":75,"column":51}},"31":{"start":{"line":76,"column":18},"end":{"line":76,"column":57}},"32":{"start":{"line":78,"column":2},"end":{"line":87,"column":null}}},"fnMap":{"0":{"name":"parseAmount","decl":{"start":{"line":6,"column":16},"end":{"line":6,"column":28}},"loc":{"start":{"line":6,"column":58},"end":{"line":16,"column":null}},"line":6},"1":{"name":"calculateFundingPercent","decl":{"start":{"line":22,"column":16},"end":{"line":22,"column":40}},"loc":{"start":{"line":22,"column":98},"end":{"line":28,"column":null}},"line":22},"2":{"name":"formatCurrency","decl":{"start":{"line":34,"column":16},"end":{"line":34,"column":31}},"loc":{"start":{"line":34,"column":88},"end":{"line":42,"column":null}},"line":34},"3":{"name":"validateProject","decl":{"start":{"line":48,"column":16},"end":{"line":48,"column":32}},"loc":{"start":{"line":48,"column":124},"end":{"line":67,"column":null}},"line":48},"4":{"name":"createSponsorshipProject","decl":{"start":{"line":73,"column":16},"end":{"line":73,"column":41}},"loc":{"start":{"line":73,"column":118},"end":{"line":87,"column":null}},"line":73}},"branchMap":{"0":{"loc":{"start":{"line":7,"column":2},"end":{"line":8,"column":null}},"type":"if","locations":[{"start":{"line":7,"column":2},"end":{"line":8,"column":null}},{"start":{},"end":{}}],"line":7},"1":{"loc":{"start":{"line":8,"column":11},"end":{"line":8,"column":null}},"type":"cond-expr","locations":[{"start":{"line":8,"column":35},"end":{"line":8,"column":39}},{"start":{"line":8,"column":39},"end":{"line":8,"column":null}}],"line":8},"2":{"loc":{"start":{"line":8,"column":11},"end":{"line":8,"column":35}},"type":"binary-expr","locations":[{"start":{"line":8,"column":11},"end":{"line":8,"column":21}},{"start":{"line":8,"column":25},"end":{"line":8,"column":35}}],"line":8},"3":{"loc":{"start":{"line":10,"column":2},"end":{"line":11,"column":null}},"type":"if","locations":[{"start":{"line":10,"column":2},"end":{"line":11,"column":null}},{"start":{},"end":{}}],"line":10},"4":{"loc":{"start":{"line":10,"column":6},"end":{"line":10,"column":39}},"type":"binary-expr","locations":[{"start":{"line":10,"column":6},"end":{"line":10,"column":14}},{"start":{"line":10,"column":14},"end":{"line":10,"column":39}}],"line":10},"5":{"loc":{"start":{"line":16,"column":9},"end":{"line":16,"column":null}},"type":"cond-expr","locations":[{"start":{"line":16,"column":39},"end":{"line":16,"column":43}},{"start":{"line":16,"column":43},"end":{"line":16,"column":null}}],"line":16},"6":{"loc":{"start":{"line":16,"column":9},"end":{"line":16,"column":39}},"type":"binary-expr","locations":[{"start":{"line":16,"column":9},"end":{"line":16,"column":22}},{"start":{"line":16,"column":26},"end":{"line":16,"column":39}}],"line":16},"7":{"loc":{"start":{"line":26,"column":2},"end":{"line":26,"column":null}},"type":"if","locations":[{"start":{"line":26,"column":2},"end":{"line":26,"column":null}},{"start":{},"end":{}}],"line":26},"8":{"loc":{"start":{"line":34,"column":56},"end":{"line":34,"column":88}},"type":"default-arg","locations":[{"start":{"line":34,"column":73},"end":{"line":34,"column":88}}],"line":34},"9":{"loc":{"start":{"line":35,"column":2},"end":{"line":38,"column":null}},"type":"if","locations":[{"start":{"line":35,"column":2},"end":{"line":38,"column":null}},{"start":{},"end":{}}],"line":35},"10":{"loc":{"start":{"line":37,"column":4},"end":{"line":38,"column":null}},"type":"if","locations":[{"start":{"line":37,"column":4},"end":{"line":38,"column":null}},{"start":{},"end":{}}],"line":37},"11":{"loc":{"start":{"line":37,"column":8},"end":{"line":37,"column":59}},"type":"binary-expr","locations":[{"start":{"line":37,"column":8},"end":{"line":37,"column":34}},{"start":{"line":37,"column":38},"end":{"line":37,"column":59}}],"line":37},"12":{"loc":{"start":{"line":51,"column":2},"end":{"line":52,"column":null}},"type":"if","locations":[{"start":{"line":51,"column":2},"end":{"line":52,"column":null}},{"start":{},"end":{}}],"line":51},"13":{"loc":{"start":{"line":51,"column":6},"end":{"line":51,"column":45}},"type":"binary-expr","locations":[{"start":{"line":51,"column":6},"end":{"line":51,"column":24}},{"start":{"line":51,"column":24},"end":{"line":51,"column":45}}],"line":51},"14":{"loc":{"start":{"line":54,"column":2},"end":{"line":55,"column":null}},"type":"if","locations":[{"start":{"line":54,"column":2},"end":{"line":55,"column":null}},{"start":{},"end":{}}],"line":54},"15":{"loc":{"start":{"line":54,"column":6},"end":{"line":54,"column":51}},"type":"binary-expr","locations":[{"start":{"line":54,"column":6},"end":{"line":54,"column":27}},{"start":{"line":54,"column":27},"end":{"line":54,"column":51}}],"line":54},"16":{"loc":{"start":{"line":57,"column":2},"end":{"line":58,"column":null}},"type":"if","locations":[{"start":{"line":57,"column":2},"end":{"line":58,"column":null}},{"start":{},"end":{}}],"line":57},"17":{"loc":{"start":{"line":57,"column":6},"end":{"line":57,"column":59}},"type":"binary-expr","locations":[{"start":{"line":57,"column":6},"end":{"line":57,"column":25}},{"start":{"line":57,"column":25},"end":{"line":57,"column":59}}],"line":57},"18":{"loc":{"start":{"line":60,"column":2},"end":{"line":61,"column":null}},"type":"if","locations":[{"start":{"line":60,"column":2},"end":{"line":61,"column":null}},{"start":{},"end":{}}],"line":60},"19":{"loc":{"start":{"line":60,"column":6},"end":{"line":60,"column":57}},"type":"binary-expr","locations":[{"start":{"line":60,"column":6},"end":{"line":60,"column":30}},{"start":{"line":60,"column":30},"end":{"line":60,"column":57}}],"line":60},"20":{"loc":{"start":{"line":75,"column":32},"end":{"line":75,"column":51}},"type":"binary-expr","locations":[{"start":{"line":75,"column":32},"end":{"line":75,"column":47}},{"start":{"line":75,"column":47},"end":{"line":75,"column":51}}],"line":75},"21":{"loc":{"start":{"line":79,"column":8},"end":{"line":79,"column":null}},"type":"binary-expr","locations":[{"start":{"line":79,"column":8},"end":{"line":79,"column":20}},{"start":{"line":79,"column":20},"end":{"line":79,"column":null}}],"line":79},"22":{"loc":{"start":{"line":86,"column":12},"end":{"line":86,"column":null}},"type":"cond-expr","locations":[{"start":{"line":86,"column":26},"end":{"line":86,"column":44}},{"start":{"line":86,"column":47},"end":{"line":86,"column":null}}],"line":86}},"s":{"0":60,"1":22,"2":38,"3":1,"4":37,"5":37,"6":37,"7":23,"8":23,"9":23,"10":3,"11":20,"12":20,"13":9,"14":6,"15":6,"16":5,"17":4,"18":4,"19":3,"20":3,"21":1,"22":3,"23":1,"24":3,"25":2,"26":3,"27":1,"28":3,"29":2,"30":2,"31":2,"32":2},"f":{"0":60,"1":23,"2":9,"3":3,"4":2},"b":{"0":[22,38],"1":[2,20],"2":[22,22],"3":[1,37],"4":[38,37],"5":[1,36],"6":[37,36],"7":[3,20],"8":[9],"9":[6,3],"10":[5,1],"11":[6,5],"12":[1,2],"13":[3,2],"14":[1,2],"15":[3,2],"16":[2,1],"17":[3,2],"18":[1,2],"19":[3,2],"20":[2,0],"21":[2,1],"22":[2,0]},"meta":{"lastBranch":23,"lastFunction":5,"lastStatement":33,"seen":{"f:6:16:6:28":0,"b:7:2:8:Infinity:undefined:undefined:undefined:undefined":0,"s:7:2:8:Infinity":0,"s:8:4:8:Infinity":1,"b:8:35:8:39:8:39:8:Infinity":1,"b:8:11:8:21:8:25:8:35":2,"b:10:2:11:Infinity:undefined:undefined:undefined:undefined":3,"s:10:2:11:Infinity":2,"b:10:6:10:14:10:14:10:39":4,"s:11:4:11:Infinity":3,"s:14:18:14:45":4,"s:15:17:15:36":5,"s:16:2:16:Infinity":6,"b:16:39:16:43:16:43:16:Infinity":5,"b:16:9:16:22:16:26:16:39":6,"f:22:16:22:40":1,"s:23:20:23:39":7,"s:24:20:24:39":8,"b:26:2:26:Infinity:undefined:undefined:undefined:undefined":7,"s:26:2:26:Infinity":9,"s:26:22:26:Infinity":10,"s:27:18:27:59":11,"s:28:2:28:Infinity":12,"f:34:16:34:31":2,"b:34:73:34:88":8,"b:35:2:38:Infinity:undefined:undefined:undefined:undefined":9,"s:35:2:38:Infinity":13,"s:36:20:36:33":14,"b:37:4:38:Infinity:undefined:undefined:undefined:undefined":10,"s:37:4:38:Infinity":15,"b:37:8:37:34:37:38:37:59":11,"s:38:6:38:Infinity":16,"s:41:18:41:37":17,"s:42:2:42:Infinity":18,"f:48:16:48:32":3,"s:49:41:49:43":19,"b:51:2:52:Infinity:undefined:undefined:undefined:undefined":12,"s:51:2:52:Infinity":20,"b:51:6:51:24:51:24:51:45":13,"s:52:4:52:Infinity":21,"b:54:2:55:Infinity:undefined:undefined:undefined:undefined":14,"s:54:2:55:Infinity":22,"b:54:6:54:27:54:27:54:51":15,"s:55:4:55:Infinity":23,"b:57:2:58:Infinity:undefined:undefined:undefined:undefined":16,"s:57:2:58:Infinity":24,"b:57:6:57:25:57:25:57:59":17,"s:58:4:58:Infinity":25,"b:60:2:61:Infinity:undefined:undefined:undefined:undefined":18,"s:60:2:61:Infinity":26,"b:60:6:60:30:60:30:60:57":19,"s:61:4:61:Infinity":27,"s:64:2:67:Infinity":28,"f:73:16:73:41":4,"s:74:17:74:44":29,"s:75:17:75:51":30,"b:75:32:75:47:75:47:75:51":20,"s:76:18:76:57":31,"s:78:2:87:Infinity":32,"b:79:8:79:20:79:20:79:Infinity":21,"b:86:26:86:44:86:47:86:Infinity":22},"fnNames":{}}}
}
